Using pre-set license
Built from '2020.3/staging' branch; Version is '2020.3.4f1 (0abb6314276a) revision 703331'; Using compiler version '192528614'; Build Type 'Release'
OS: 'Windows 10 Home Single Language; OS build 19043.1110; Version 2009; 64bit' Language: 'ru' Physical Memory: 7103 MB
BatchMode: 1, IsHumanControllingUs: 0, StartBugReporterOnCrash: 0, Is64bit: 1, IsPro: 0

 COMMAND LINE ARGUMENTS:
C:\Program Files\Unity\Hub\Editor\2019.4.19f1\Editor\Unity.exe
-adb2
-batchMode
-noUpm
-name
AssetImportWorker0
-projectPath
C:/Quiz/Test
-logFile
Logs/AssetImportWorker0.log
-srvPort
56029
Successfully changed project path to: C:/Quiz/Test
C:/Quiz/Test
Using Asset Import Pipeline V2.
Refreshing native plugins compatible for Editor in 83.83 ms, found 1 plugins.
Preloading 0 native plugins for Editor in 0.00 ms.
Initialize engine version: 2020.3.4f1 (0abb6314276a)
[Subsystems] Discovering subsystems at path C:/Program Files/Unity/Hub/Editor/2019.4.19f1/Editor/Data/Resources/UnitySubsystems
[Subsystems] Discovering subsystems at path C:/Quiz/Test/Assets
GfxDevice: creating device client; threaded=0
Direct3D:
    Version:  Direct3D 11.0 [level 11.1]
    Renderer: AMD Radeon(TM) Vega 8 Graphics (ID=0x15d8)
    Vendor:   
    VRAM:     3551 MB
    Driver:   26.20.11030.22001
Initialize mono
Mono path[0] = 'C:/Program Files/Unity/Hub/Editor/2019.4.19f1/Editor/Data/Managed'
Mono path[1] = 'C:/Program Files/Unity/Hub/Editor/2019.4.19f1/Editor/Data/MonoBleedingEdge/lib/mono/unityjit'
Mono config path = 'C:/Program Files/Unity/Hub/Editor/2019.4.19f1/Editor/Data/MonoBleedingEdge/etc'
Using monoOptions --debugger-agent=transport=dt_socket,embedding=1,server=y,suspend=n,address=127.0.0.1:56200
Begin MonoManager ReloadAssembly
Registering precompiled unity dll's ...
Register platform support module: C:/Program Files/Unity/Hub/Editor/2019.4.19f1/Editor/Data/PlaybackEngines/WindowsStandaloneSupport/UnityEditor.WindowsStandalone.Extensions.dll
Registered in 0.003279 seconds.
Native extension for WindowsStandalone target not found
Refreshing native plugins compatible for Editor in 54.86 ms, found 1 plugins.
Preloading 0 native plugins for Editor in 0.00 ms.
Mono: successfully reloaded assembly
- Completed reload, in  1.632 seconds
Platform modules already initialized, skipping
Registering precompiled user dll's ...
Registered in 0.003025 seconds.
Begin MonoManager ReloadAssembly
Native extension for WindowsStandalone target not found
Refreshing native plugins compatible for Editor in 60.59 ms, found 1 plugins.
Preloading 0 native plugins for Editor in 0.00 ms.
Mono: successfully reloaded assembly
- Completed reload, in  1.466 seconds
Platform modules already initialized, skipping
========================================================================
Worker process is ready to serve import requests
Launched and connected shader compiler UnityShaderCompiler.exe after 0.06 seconds
Refreshing native plugins compatible for Editor in 0.45 ms, found 1 plugins.
Preloading 0 native plugins for Editor in 0.00 ms.
Unloading 1833 Unused Serialized files (Serialized files now loaded: 0)
System memory in use before: 169.7 MB.
System memory in use after: 169.6 MB.

Unloading 25 unused Assets to reduce memory usage. Loaded Objects now: 2298.
Total: 3.468900 ms (FindLiveObjects: 0.358100 ms CreateObjectMapping: 0.103300 ms MarkObjects: 2.816900 ms  DeleteObjects: 0.188600 ms)

========================================================================
Received Import Request.
  path: Assets/Prefabs/Cell.prefab
  artifactKey: Guid(8789e4b4444688442bed750b0082c929) Importer(815301076,1909f56bfc062723c751e8b465ee728b)
Start importing Assets/Prefabs/Cell.prefab using Guid(8789e4b4444688442bed750b0082c929) Importer(815301076,1909f56bfc062723c751e8b465ee728b)  -> (artifact id: '9d6cd7b7e9c6e9c6552625d3eafba19b') in 0.066868 seconds
  Import took 0.071854 seconds .

========================================================================
Received Import Request.
  Time since last request: 28.591948 seconds.
  path: Assets/Prefabs/Cell.prefab
  artifactKey: Guid(8789e4b4444688442bed750b0082c929) Importer(815301076,1909f56bfc062723c751e8b465ee728b)
Start importing Assets/Prefabs/Cell.prefab using Guid(8789e4b4444688442bed750b0082c929) Importer(815301076,1909f56bfc062723c751e8b465ee728b)  -> (artifact id: 'f1c32fec5ac810f5a261ab9fced296d7') in 0.011272 seconds
  Import took 0.016346 seconds .

========================================================================
Received Import Request.
  Time since last request: 2.828913 seconds.
  path: Assets/Prefabs/Cell.prefab
  artifactKey: Guid(8789e4b4444688442bed750b0082c929) Importer(815301076,1909f56bfc062723c751e8b465ee728b)
Start importing Assets/Prefabs/Cell.prefab using Guid(8789e4b4444688442bed750b0082c929) Importer(815301076,1909f56bfc062723c751e8b465ee728b)  -> (artifact id: '1eb4f406b80fc7917f5aa0c13efc0cc2') in 0.008276 seconds
  Import took 0.012288 seconds .

========================================================================
Received Import Request.
  Time since last request: 0.803153 seconds.
  path: Assets/Prefabs/Cell.prefab
  artifactKey: Guid(8789e4b4444688442bed750b0082c929) Importer(815301076,1909f56bfc062723c751e8b465ee728b)
Start importing Assets/Prefabs/Cell.prefab using Guid(8789e4b4444688442bed750b0082c929) Importer(815301076,1909f56bfc062723c751e8b465ee728b)  -> (artifact id: '672656f1b083b34af5999349e71fc3e6') in 0.008076 seconds
  Import took 0.012873 seconds .

========================================================================
Received Import Request.
  Time since last request: 1.399252 seconds.
  path: Assets/Prefabs/Cell.prefab
  artifactKey: Guid(8789e4b4444688442bed750b0082c929) Importer(815301076,1909f56bfc062723c751e8b465ee728b)
Start importing Assets/Prefabs/Cell.prefab using Guid(8789e4b4444688442bed750b0082c929) Importer(815301076,1909f56bfc062723c751e8b465ee728b)  -> (artifact id: '207ce8b2cc0dbe2f5c905aeb29ce8801') in 0.010710 seconds
  Import took 0.014341 seconds .

========================================================================
Received Import Request.
  Time since last request: 5.362020 seconds.
  path: Assets/Prefabs/Cell.prefab
  artifactKey: Guid(8789e4b4444688442bed750b0082c929) Importer(815301076,1909f56bfc062723c751e8b465ee728b)
Start importing Assets/Prefabs/Cell.prefab using Guid(8789e4b4444688442bed750b0082c929) Importer(815301076,1909f56bfc062723c751e8b465ee728b)  -> (artifact id: '229565ea7428f530902cd7c394d671fa') in 0.008539 seconds
  Import took 0.012873 seconds .

========================================================================
Received Import Request.
  Time since last request: 16.333705 seconds.
  path: Assets/Prefabs/Cell.prefab
  artifactKey: Guid(8789e4b4444688442bed750b0082c929) Importer(815301076,1909f56bfc062723c751e8b465ee728b)
Start importing Assets/Prefabs/Cell.prefab using Guid(8789e4b4444688442bed750b0082c929) Importer(815301076,1909f56bfc062723c751e8b465ee728b)  -> (artifact id: '25fe0b98472db66f0ba2671cde216860') in 0.008142 seconds
  Import took 0.012614 seconds .

========================================================================
Received Import Request.
  Time since last request: 15.671602 seconds.
  path: Assets/Prefabs/Cell.prefab
  artifactKey: Guid(8789e4b4444688442bed750b0082c929) Importer(815301076,1909f56bfc062723c751e8b465ee728b)
Start importing Assets/Prefabs/Cell.prefab using Guid(8789e4b4444688442bed750b0082c929) Importer(815301076,1909f56bfc062723c751e8b465ee728b)  -> (artifact id: '2c8687adeb227f96c16ce073987d3e6c') in 0.009033 seconds
  Import took 0.014495 seconds .

========================================================================
Received Import Request.
  Time since last request: 9.821407 seconds.
  path: Assets/Prefabs/Cell.prefab
  artifactKey: Guid(8789e4b4444688442bed750b0082c929) Importer(815301076,1909f56bfc062723c751e8b465ee728b)
Start importing Assets/Prefabs/Cell.prefab using Guid(8789e4b4444688442bed750b0082c929) Importer(815301076,1909f56bfc062723c751e8b465ee728b)  -> (artifact id: '9e401078d9ea34b6b7dd7c1fce9ed115') in 0.011613 seconds
  Import took 0.018647 seconds .

========================================================================
Received Import Request.
  Time since last request: 5.470799 seconds.
  path: Assets/Prefabs/Cell.prefab
  artifactKey: Guid(8789e4b4444688442bed750b0082c929) Importer(815301076,1909f56bfc062723c751e8b465ee728b)
Start importing Assets/Prefabs/Cell.prefab using Guid(8789e4b4444688442bed750b0082c929) Importer(815301076,1909f56bfc062723c751e8b465ee728b)  -> (artifact id: '9f01f5e78b8e1b72ac50ad65d24e8d00') in 0.008159 seconds
  Import took 0.012034 seconds .

========================================================================
Received Import Request.
  Time since last request: 3.692714 seconds.
  path: Assets/Prefabs/Cell.prefab
  artifactKey: Guid(8789e4b4444688442bed750b0082c929) Importer(815301076,1909f56bfc062723c751e8b465ee728b)
Start importing Assets/Prefabs/Cell.prefab using Guid(8789e4b4444688442bed750b0082c929) Importer(815301076,1909f56bfc062723c751e8b465ee728b)  -> (artifact id: '670c942335917db0f5e8d07eecae871d') in 0.009369 seconds
  Import took 0.015932 seconds .

========================================================================
Received Import Request.
  Time since last request: 44.306560 seconds.
  path: Assets/Prefabs/Cell.prefab
  artifactKey: Guid(8789e4b4444688442bed750b0082c929) Importer(815301076,1909f56bfc062723c751e8b465ee728b)
Start importing Assets/Prefabs/Cell.prefab using Guid(8789e4b4444688442bed750b0082c929) Importer(815301076,1909f56bfc062723c751e8b465ee728b)  -> (artifact id: 'c1d9197cc1cc5cfc16e351c0cee3e5cf') in 0.010821 seconds
  Import took 0.016317 seconds .

========================================================================
Received Import Request.
  Time since last request: 8.574108 seconds.
  path: Assets/Prefabs/Cell.prefab
  artifactKey: Guid(8789e4b4444688442bed750b0082c929) Importer(815301076,1909f56bfc062723c751e8b465ee728b)
Start importing Assets/Prefabs/Cell.prefab using Guid(8789e4b4444688442bed750b0082c929) Importer(815301076,1909f56bfc062723c751e8b465ee728b)  -> (artifact id: 'ca6784bc71678b4b4f966c3d9ba2777a') in 0.007687 seconds
  Import took 0.012869 seconds .

========================================================================
Received Import Request.
  Time since last request: 11.142663 seconds.
  path: Assets/Prefabs/Cell.prefab
  artifactKey: Guid(8789e4b4444688442bed750b0082c929) Importer(815301076,1909f56bfc062723c751e8b465ee728b)
Start importing Assets/Prefabs/Cell.prefab using Guid(8789e4b4444688442bed750b0082c929) Importer(815301076,1909f56bfc062723c751e8b465ee728b)  -> (artifact id: '0738e186671e939f4e0164bee70b21be') in 0.008215 seconds
  Import took 0.012370 seconds .

========================================================================
Received Import Request.
  Time since last request: 5.704438 seconds.
  path: Assets/Prefabs/Cell.prefab
  artifactKey: Guid(8789e4b4444688442bed750b0082c929) Importer(815301076,1909f56bfc062723c751e8b465ee728b)
Start importing Assets/Prefabs/Cell.prefab using Guid(8789e4b4444688442bed750b0082c929) Importer(815301076,1909f56bfc062723c751e8b465ee728b)  -> (artifact id: 'b8ee6c60bbe114514cf8146a67b7ae6b') in 0.009406 seconds
  Import took 0.015546 seconds .

========================================================================
Received Import Request.
  Time since last request: 33.146891 seconds.
  path: Assets/Prefabs/Cell.prefab
  artifactKey: Guid(8789e4b4444688442bed750b0082c929) Importer(815301076,1909f56bfc062723c751e8b465ee728b)
Start importing Assets/Prefabs/Cell.prefab using Guid(8789e4b4444688442bed750b0082c929) Importer(815301076,1909f56bfc062723c751e8b465ee728b)  -> (artifact id: '804e3d782e3ed842de9aa6c1fbf96133') in 0.008317 seconds
  Import took 0.012342 seconds .

========================================================================
Received Import Request.
  Time since last request: 6.529332 seconds.
  path: Assets/Prefabs/Cell.prefab
  artifactKey: Guid(8789e4b4444688442bed750b0082c929) Importer(815301076,1909f56bfc062723c751e8b465ee728b)
Start importing Assets/Prefabs/Cell.prefab using Guid(8789e4b4444688442bed750b0082c929) Importer(815301076,1909f56bfc062723c751e8b465ee728b)  -> (artifact id: '84db6e092fdf2a0d4746f3b6cf879c0d') in 0.008599 seconds
  Import took 0.013611 seconds .

========================================================================
Received Import Request.
  Time since last request: 3.031691 seconds.
  path: Assets/Prefabs/Cell.prefab
  artifactKey: Guid(8789e4b4444688442bed750b0082c929) Importer(815301076,1909f56bfc062723c751e8b465ee728b)
Start importing Assets/Prefabs/Cell.prefab using Guid(8789e4b4444688442bed750b0082c929) Importer(815301076,1909f56bfc062723c751e8b465ee728b)  -> (artifact id: 'eba197798c3a1b5e8a9403fb6551eb16') in 0.010058 seconds
  Import took 0.014970 seconds .

========================================================================
Received Import Request.
  Time since last request: 15.234775 seconds.
  path: Assets/Prefabs/Cell.prefab
  artifactKey: Guid(8789e4b4444688442bed750b0082c929) Importer(815301076,1909f56bfc062723c751e8b465ee728b)
Start importing Assets/Prefabs/Cell.prefab using Guid(8789e4b4444688442bed750b0082c929) Importer(815301076,1909f56bfc062723c751e8b465ee728b)  -> (artifact id: '9b9aede08a4143a043bead748e8d6073') in 0.008617 seconds
  Import took 0.014204 seconds .

========================================================================
Received Import Request.
  Time since last request: 1.427371 seconds.
  path: Assets/Prefabs/Cell.prefab
  artifactKey: Guid(8789e4b4444688442bed750b0082c929) Importer(815301076,1909f56bfc062723c751e8b465ee728b)
Start importing Assets/Prefabs/Cell.prefab using Guid(8789e4b4444688442bed750b0082c929) Importer(815301076,1909f56bfc062723c751e8b465ee728b)  -> (artifact id: '8d8c8e7c29c482d2dcec8652047dfc95') in 0.008950 seconds
  Import took 0.014055 seconds .

========================================================================
Received Import Request.
  Time since last request: 13.753123 seconds.
  path: Assets/Prefabs/Cell.prefab
  artifactKey: Guid(8789e4b4444688442bed750b0082c929) Importer(815301076,1909f56bfc062723c751e8b465ee728b)
Start importing Assets/Prefabs/Cell.prefab using Guid(8789e4b4444688442bed750b0082c929) Importer(815301076,1909f56bfc062723c751e8b465ee728b)  -> (artifact id: '48e006bd108b74d48635b00ef769e3db') in 0.010684 seconds
  Import took 0.015109 seconds .

========================================================================
Received Import Request.
  Time since last request: 33.717747 seconds.
  path: Assets/Prefabs/Cell.prefab
  artifactKey: Guid(8789e4b4444688442bed750b0082c929) Importer(815301076,1909f56bfc062723c751e8b465ee728b)
Start importing Assets/Prefabs/Cell.prefab using Guid(8789e4b4444688442bed750b0082c929) Importer(815301076,1909f56bfc062723c751e8b465ee728b)  -> (artifact id: 'b23c426f49c48c287c51d7c91b2cb6f4') in 0.009730 seconds
  Import took 0.015191 seconds .

========================================================================
Received Import Request.
  Time since last request: 41.087927 seconds.
  path: Assets/Prefabs/Cell.prefab
  artifactKey: Guid(8789e4b4444688442bed750b0082c929) Importer(815301076,1909f56bfc062723c751e8b465ee728b)
Start importing Assets/Prefabs/Cell.prefab using Guid(8789e4b4444688442bed750b0082c929) Importer(815301076,1909f56bfc062723c751e8b465ee728b)  -> (artifact id: '99d8055e90ad5499d6fcf64de991ec05') in 0.008946 seconds
  Import took 0.014864 seconds .

========================================================================
Received Import Request.
  Time since last request: 9.340181 seconds.
  path: Assets/Prefabs/Cell.prefab
  artifactKey: Guid(8789e4b4444688442bed750b0082c929) Importer(815301076,1909f56bfc062723c751e8b465ee728b)
Start importing Assets/Prefabs/Cell.prefab using Guid(8789e4b4444688442bed750b0082c929) Importer(815301076,1909f56bfc062723c751e8b465ee728b)  -> (artifact id: '08f0b56b984e5d2684bbc52264d2e55b') in 0.009368 seconds
  Import took 0.013265 seconds .

========================================================================
Received Import Request.
  Time since last request: 9.929788 seconds.
  path: Assets/Prefabs/Cell.prefab
  artifactKey: Guid(8789e4b4444688442bed750b0082c929) Importer(815301076,1909f56bfc062723c751e8b465ee728b)
Start importing Assets/Prefabs/Cell.prefab using Guid(8789e4b4444688442bed750b0082c929) Importer(815301076,1909f56bfc062723c751e8b465ee728b)  -> (artifact id: '0d3be13edc86b8949890a7f2180e56df') in 0.011031 seconds
  Import took 0.015845 seconds .

========================================================================
Received Import Request.
  Time since last request: 15.057412 seconds.
  path: Assets/Prefabs/Cell.prefab
  artifactKey: Guid(8789e4b4444688442bed750b0082c929) Importer(815301076,1909f56bfc062723c751e8b465ee728b)
Start importing Assets/Prefabs/Cell.prefab using Guid(8789e4b4444688442bed750b0082c929) Importer(815301076,1909f56bfc062723c751e8b465ee728b)  -> (artifact id: '88d42b36ab3095fba14ee4d5d6ff899b') in 0.010512 seconds
  Import took 0.018705 seconds .

========================================================================
Received Import Request.
  Time since last request: 12.819569 seconds.
  path: Assets/Prefabs/Cell.prefab
  artifactKey: Guid(8789e4b4444688442bed750b0082c929) Importer(815301076,1909f56bfc062723c751e8b465ee728b)
Start importing Assets/Prefabs/Cell.prefab using Guid(8789e4b4444688442bed750b0082c929) Importer(815301076,1909f56bfc062723c751e8b465ee728b)  -> (artifact id: '4746791c2ca1ad83fd198d34c5b127c3') in 0.009338 seconds
  Import took 0.015505 seconds .

========================================================================
Received Prepare
Registering precompiled user dll's ...
Registered in 0.003043 seconds.
Begin MonoManager ReloadAssembly
Native extension for WindowsStandalone target not found
Refreshing native plugins compatible for Editor in 0.67 ms, found 1 plugins.
Preloading 0 native plugins for Editor in 0.00 ms.
Mono: successfully reloaded assembly
- Completed reload, in  1.441 seconds
Platform modules already initialized, skipping
Switching build target platform(5) subTarget(0) extendedPlatform(0) -> platform(13) subTarget(537395200) extendedPlatform(0)
Refreshing native plugins compatible for Editor in 0.54 ms, found 1 plugins.
Preloading 0 native plugins for Editor in 0.00 ms.
Unloading 1831 Unused Serialized files (Serialized files now loaded: 0)
System memory in use before: 169.4 MB.
System memory in use after: 169.4 MB.

Unloading 14 unused Assets to reduce memory usage. Loaded Objects now: 2302.
Total: 3.575200 ms (FindLiveObjects: 0.440900 ms CreateObjectMapping: 0.099500 ms MarkObjects: 2.865600 ms  DeleteObjects: 0.166800 ms)

AssetImportParameters requested are different than current active one (requested -> active):
  custom:graphics/normal-map-encoding: 01000000000000000000000000000000 -> 02000000000000000000000000000000
========================================================================
Received Prepare
Registering precompiled user dll's ...
Registered in 0.003094 seconds.
Begin MonoManager ReloadAssembly
Native extension for WindowsStandalone target not found
Refreshing native plugins compatible for Editor in 0.87 ms, found 1 plugins.
Preloading 0 native plugins for Editor in 0.00 ms.
Mono: successfully reloaded assembly
- Completed reload, in  1.285 seconds
Platform modules already initialized, skipping
Switching build target platform(5) subTarget(0) extendedPlatform(0) -> platform(13) subTarget(537395200) extendedPlatform(0)
Refreshing native plugins compatible for Editor in 0.95 ms, found 1 plugins.
Preloading 0 native plugins for Editor in 0.00 ms.
Unloading 1831 Unused Serialized files (Serialized files now loaded: 0)
System memory in use before: 169.5 MB.
System memory in use after: 169.4 MB.

Unloading 14 unused Assets to reduce memory usage. Loaded Objects now: 2306.
Total: 3.515500 ms (FindLiveObjects: 0.278100 ms CreateObjectMapping: 0.055600 ms MarkObjects: 2.982400 ms  DeleteObjects: 0.197400 ms)

AssetImportParameters requested are different than current active one (requested -> active):
  custom:graphics/normal-map-encoding: 01000000000000000000000000000000 -> 02000000000000000000000000000000
========================================================================
Received Prepare
Registering precompiled user dll's ...
Registered in 0.002631 seconds.
Begin MonoManager ReloadAssembly
Native extension for WindowsStandalone target not found
Refreshing native plugins compatible for Editor in 1.01 ms, found 1 plugins.
Preloading 0 native plugins for Editor in 0.00 ms.
Mono: successfully reloaded assembly
- Completed reload, in  1.262 seconds
Platform modules already initialized, skipping
Switching build target platform(5) subTarget(0) extendedPlatform(0) -> platform(13) subTarget(537395200) extendedPlatform(0)
Refreshing native plugins compatible for Editor in 0.68 ms, found 1 plugins.
Preloading 0 native plugins for Editor in 0.00 ms.
Unloading 1831 Unused Serialized files (Serialized files now loaded: 0)
System memory in use before: 169.5 MB.
System memory in use after: 169.5 MB.

Unloading 14 unused Assets to reduce memory usage. Loaded Objects now: 2310.
Total: 2.932400 ms (FindLiveObjects: 0.259300 ms CreateObjectMapping: 0.055400 ms MarkObjects: 2.475600 ms  DeleteObjects: 0.140500 ms)

AssetImportParameters requested are different than current active one (requested -> active):
  custom:graphics/normal-map-encoding: 01000000000000000000000000000000 -> 02000000000000000000000000000000
========================================================================
Received Import Request.
  Time since last request: 97.438136 seconds.
  path: Assets/Prefabs/Cell.prefab
  artifactKey: Guid(8789e4b4444688442bed750b0082c929) Importer(815301076,1909f56bfc062723c751e8b465ee728b)
Start importing Assets/Prefabs/Cell.prefab using Guid(8789e4b4444688442bed750b0082c929) Importer(815301076,1909f56bfc062723c751e8b465ee728b)  -> (artifact id: 'adcaf12f2922c910f00c49dbdcb17727') in 0.044593 seconds
  Import took 0.050239 seconds .

========================================================================
Received Prepare
Registering precompiled user dll's ...
Registered in 0.003151 seconds.
Begin MonoManager ReloadAssembly
Native extension for WindowsStandalone target not found
Refreshing native plugins compatible for Editor in 0.67 ms, found 1 plugins.
Preloading 0 native plugins for Editor in 0.00 ms.
Mono: successfully reloaded assembly
- Completed reload, in  1.350 seconds
Platform modules already initialized, skipping
Switching build target platform(5) subTarget(0) extendedPlatform(0) -> platform(13) subTarget(537395200) extendedPlatform(0)
Refreshing native plugins compatible for Editor in 0.91 ms, found 1 plugins.
Preloading 0 native plugins for Editor in 0.00 ms.
Unloading 1831 Unused Serialized files (Serialized files now loaded: 0)
System memory in use before: 169.5 MB.
System memory in use after: 169.5 MB.

Unloading 14 unused Assets to reduce memory usage. Loaded Objects now: 2314.
Total: 4.116200 ms (FindLiveObjects: 0.314100 ms CreateObjectMapping: 0.067200 ms MarkObjects: 3.513200 ms  DeleteObjects: 0.220100 ms)

AssetImportParameters requested are different than current active one (requested -> active):
  custom:graphics/normal-map-encoding: 01000000000000000000000000000000 -> 02000000000000000000000000000000
========================================================================
Received Import Request.
  Time since last request: 10.988447 seconds.
  path: Assets/Prefabs/Cell.prefab
  artifactKey: Guid(8789e4b4444688442bed750b0082c929) Importer(815301076,1909f56bfc062723c751e8b465ee728b)
Start importing Assets/Prefabs/Cell.prefab using Guid(8789e4b4444688442bed750b0082c929) Importer(815301076,1909f56bfc062723c751e8b465ee728b)  -> (artifact id: '09f76157ad215efe8f93bce19e00f37e') in 0.053362 seconds
  Import took 0.058255 seconds .

========================================================================
Received Prepare
Registering precompiled user dll's ...
Registered in 0.003027 seconds.
Begin MonoManager ReloadAssembly
Native extension for WindowsStandalone target not found
Refreshing native plugins compatible for Editor in 0.99 ms, found 1 plugins.
Preloading 0 native plugins for Editor in 0.00 ms.
Mono: successfully reloaded assembly
- Completed reload, in  1.281 seconds
Platform modules already initialized, skipping
Switching build target platform(5) subTarget(0) extendedPlatform(0) -> platform(13) subTarget(537395200) extendedPlatform(0)
Refreshing native plugins compatible for Editor in 1.05 ms, found 1 plugins.
Preloading 0 native plugins for Editor in 0.00 ms.
Unloading 1831 Unused Serialized files (Serialized files now loaded: 0)
System memory in use before: 169.5 MB.
System memory in use after: 169.5 MB.

Unloading 14 unused Assets to reduce memory usage. Loaded Objects now: 2318.
Total: 4.077700 ms (FindLiveObjects: 0.466100 ms CreateObjectMapping: 0.056500 ms MarkObjects: 3.360700 ms  DeleteObjects: 0.192200 ms)

AssetImportParameters requested are different than current active one (requested -> active):
  custom:graphics/normal-map-encoding: 01000000000000000000000000000000 -> 02000000000000000000000000000000
========================================================================
Received Import Request.
  Time since last request: 74.360292 seconds.
  path: Assets/Scripts/CellConstructor.cs
  artifactKey: Guid(0c032454140a813488babec4e7ebe15c) Importer(815301076,1909f56bfc062723c751e8b465ee728b)
Start importing Assets/Scripts/CellConstructor.cs using Guid(0c032454140a813488babec4e7ebe15c) Importer(815301076,1909f56bfc062723c751e8b465ee728b)  -> (artifact id: '2635555c77655e59024565db0da3adfe') in 0.028899 seconds
  Import took 0.036416 seconds .

========================================================================
Received Prepare
Registering precompiled user dll's ...
Registered in 0.003496 seconds.
Begin MonoManager ReloadAssembly
Native extension for WindowsStandalone target not found
Refreshing native plugins compatible for Editor in 0.58 ms, found 1 plugins.
Preloading 0 native plugins for Editor in 0.00 ms.
Mono: successfully reloaded assembly
- Completed reload, in  1.372 seconds
Platform modules already initialized, skipping
Switching build target platform(5) subTarget(0) extendedPlatform(0) -> platform(13) subTarget(537395200) extendedPlatform(0)
Refreshing native plugins compatible for Editor in 0.61 ms, found 1 plugins.
Preloading 0 native plugins for Editor in 0.00 ms.
Unloading 1831 Unused Serialized files (Serialized files now loaded: 0)
System memory in use before: 169.5 MB.
System memory in use after: 169.5 MB.

Unloading 14 unused Assets to reduce memory usage. Loaded Objects now: 2322.
Total: 4.144100 ms (FindLiveObjects: 0.372600 ms CreateObjectMapping: 0.073900 ms MarkObjects: 3.471300 ms  DeleteObjects: 0.224500 ms)

AssetImportParameters requested are different than current active one (requested -> active):
  custom:graphics/normal-map-encoding: 01000000000000000000000000000000 -> 02000000000000000000000000000000
========================================================================
Received Prepare
Registering precompiled user dll's ...
Registered in 0.003349 seconds.
Begin MonoManager ReloadAssembly
Native extension for WindowsStandalone target not found
Refreshing native plugins compatible for Editor in 0.69 ms, found 1 plugins.
Preloading 0 native plugins for Editor in 0.00 ms.
Mono: successfully reloaded assembly
- Completed reload, in  1.478 seconds
Platform modules already initialized, skipping
Switching build target platform(5) subTarget(0) extendedPlatform(0) -> platform(13) subTarget(537395200) extendedPlatform(0)
Refreshing native plugins compatible for Editor in 0.58 ms, found 1 plugins.
Preloading 0 native plugins for Editor in 0.00 ms.
Unloading 1831 Unused Serialized files (Serialized files now loaded: 0)
System memory in use before: 169.5 MB.
System memory in use after: 169.5 MB.

Unloading 14 unused Assets to reduce memory usage. Loaded Objects now: 2326.
Total: 3.218700 ms (FindLiveObjects: 0.297400 ms CreateObjectMapping: 0.060100 ms MarkObjects: 2.697200 ms  DeleteObjects: 0.162500 ms)

AssetImportParameters requested are different than current active one (requested -> active):
  custom:graphics/normal-map-encoding: 01000000000000000000000000000000 -> 02000000000000000000000000000000
========================================================================
Received Prepare
Registering precompiled user dll's ...
Registered in 0.003988 seconds.
Begin MonoManager ReloadAssembly
Native extension for WindowsStandalone target not found
Refreshing native plugins compatible for Editor in 0.47 ms, found 1 plugins.
Preloading 0 native plugins for Editor in 0.00 ms.
Mono: successfully reloaded assembly
- Completed reload, in  1.431 seconds
Platform modules already initialized, skipping
Switching build target platform(5) subTarget(0) extendedPlatform(0) -> platform(13) subTarget(537395200) extendedPlatform(0)
Refreshing native plugins compatible for Editor in 0.77 ms, found 1 plugins.
Preloading 0 native plugins for Editor in 0.00 ms.
Unloading 1831 Unused Serialized files (Serialized files now loaded: 0)
System memory in use before: 169.5 MB.
System memory in use after: 169.5 MB.

Unloading 14 unused Assets to reduce memory usage. Loaded Objects now: 2330.
Total: 2.909300 ms (FindLiveObjects: 0.249700 ms CreateObjectMapping: 0.063300 ms MarkObjects: 2.424800 ms  DeleteObjects: 0.170200 ms)

AssetImportParameters requested are different than current active one (requested -> active):
  custom:graphics/normal-map-encoding: 01000000000000000000000000000000 -> 02000000000000000000000000000000
========================================================================
Received Prepare
Registering precompiled user dll's ...
Registered in 0.002956 seconds.
Begin MonoManager ReloadAssembly
Native extension for WindowsStandalone target not found
Refreshing native plugins compatible for Editor in 0.50 ms, found 1 plugins.
Preloading 0 native plugins for Editor in 0.00 ms.
Mono: successfully reloaded assembly
- Completed reload, in  1.470 seconds
Platform modules already initialized, skipping
Switching build target platform(5) subTarget(0) extendedPlatform(0) -> platform(13) subTarget(537395200) extendedPlatform(0)
Refreshing native plugins compatible for Editor in 0.65 ms, found 1 plugins.
Preloading 0 native plugins for Editor in 0.00 ms.
Unloading 1831 Unused Serialized files (Serialized files now loaded: 0)
System memory in use before: 169.5 MB.
System memory in use after: 169.5 MB.

Unloading 14 unused Assets to reduce memory usage. Loaded Objects now: 2334.
Total: 3.744200 ms (FindLiveObjects: 0.316200 ms CreateObjectMapping: 0.072500 ms MarkObjects: 3.087100 ms  DeleteObjects: 0.265700 ms)

AssetImportParameters requested are different than current active one (requested -> active):
  custom:graphics/normal-map-encoding: 01000000000000000000000000000000 -> 02000000000000000000000000000000
========================================================================
Received Prepare
Registering precompiled user dll's ...
Registered in 0.003323 seconds.
Begin MonoManager ReloadAssembly
Native extension for WindowsStandalone target not found
Refreshing native plugins compatible for Editor in 0.75 ms, found 1 plugins.
Preloading 0 native plugins for Editor in 0.00 ms.
Mono: successfully reloaded assembly
- Completed reload, in  1.458 seconds
Platform modules already initialized, skipping
Switching build target platform(5) subTarget(0) extendedPlatform(0) -> platform(13) subTarget(537395200) extendedPlatform(0)
Refreshing native plugins compatible for Editor in 0.67 ms, found 1 plugins.
Preloading 0 native plugins for Editor in 0.00 ms.
Unloading 1831 Unused Serialized files (Serialized files now loaded: 0)
System memory in use before: 169.6 MB.
System memory in use after: 169.5 MB.

Unloading 14 unused Assets to reduce memory usage. Loaded Objects now: 2338.
Total: 3.873700 ms (FindLiveObjects: 0.293000 ms CreateObjectMapping: 0.058500 ms MarkObjects: 3.276100 ms  DeleteObjects: 0.243600 ms)

AssetImportParameters requested are different than current active one (requested -> active):
  custom:graphics/normal-map-encoding: 01000000000000000000000000000000 -> 02000000000000000000000000000000
========================================================================
Received Prepare
Registering precompiled user dll's ...
Registered in 0.003112 seconds.
Begin MonoManager ReloadAssembly
Native extension for WindowsStandalone target not found
Refreshing native plugins compatible for Editor in 0.69 ms, found 1 plugins.
Preloading 0 native plugins for Editor in 0.00 ms.
Mono: successfully reloaded assembly
- Completed reload, in  1.494 seconds
Platform modules already initialized, skipping
Switching build target platform(5) subTarget(0) extendedPlatform(0) -> platform(13) subTarget(537395200) extendedPlatform(0)
Refreshing native plugins compatible for Editor in 0.73 ms, found 1 plugins.
Preloading 0 native plugins for Editor in 0.00 ms.
Unloading 1831 Unused Serialized files (Serialized files now loaded: 0)
System memory in use before: 169.6 MB.
System memory in use after: 169.5 MB.

Unloading 14 unused Assets to reduce memory usage. Loaded Objects now: 2342.
Total: 2.604100 ms (FindLiveObjects: 0.264400 ms CreateObjectMapping: 0.063700 ms MarkObjects: 2.121700 ms  DeleteObjects: 0.152600 ms)

AssetImportParameters requested are different than current active one (requested -> active):
  custom:graphics/normal-map-encoding: 01000000000000000000000000000000 -> 02000000000000000000000000000000
========================================================================
Received Prepare
Registering precompiled user dll's ...
Registered in 0.003050 seconds.
Begin MonoManager ReloadAssembly
Native extension for WindowsStandalone target not found
Refreshing native plugins compatible for Editor in 0.48 ms, found 1 plugins.
Preloading 0 native plugins for Editor in 0.00 ms.
Mono: successfully reloaded assembly
- Completed reload, in  1.608 seconds
Platform modules already initialized, skipping
Switching build target platform(5) subTarget(0) extendedPlatform(0) -> platform(13) subTarget(537395200) extendedPlatform(0)
Refreshing native plugins compatible for Editor in 0.57 ms, found 1 plugins.
Preloading 0 native plugins for Editor in 0.00 ms.
Unloading 1831 Unused Serialized files (Serialized files now loaded: 0)
System memory in use before: 169.5 MB.
System memory in use after: 169.5 MB.

Unloading 14 unused Assets to reduce memory usage. Loaded Objects now: 2346.
Total: 3.124300 ms (FindLiveObjects: 0.382000 ms CreateObjectMapping: 0.106000 ms MarkObjects: 2.455300 ms  DeleteObjects: 0.179200 ms)

AssetImportParameters requested are different than current active one (requested -> active):
  custom:graphics/normal-map-encoding: 01000000000000000000000000000000 -> 02000000000000000000000000000000
========================================================================
Received Prepare
Registering precompiled user dll's ...
Registered in 0.003229 seconds.
Begin MonoManager ReloadAssembly
Native extension for WindowsStandalone target not found
Refreshing native plugins compatible for Editor in 0.70 ms, found 1 plugins.
Preloading 0 native plugins for Editor in 0.00 ms.
Mono: successfully reloaded assembly
- Completed reload, in  1.600 seconds
Platform modules already initialized, skipping
Switching build target platform(5) subTarget(0) extendedPlatform(0) -> platform(13) subTarget(537395200) extendedPlatform(0)
Refreshing native plugins compatible for Editor in 0.76 ms, found 1 plugins.
Preloading 0 native plugins for Editor in 0.00 ms.
Unloading 1831 Unused Serialized files (Serialized files now loaded: 0)
System memory in use before: 169.5 MB.
System memory in use after: 169.5 MB.

Unloading 14 unused Assets to reduce memory usage. Loaded Objects now: 2350.
Total: 3.084200 ms (FindLiveObjects: 0.310500 ms CreateObjectMapping: 0.069900 ms MarkObjects: 2.526100 ms  DeleteObjects: 0.175600 ms)

AssetImportParameters requested are different than current active one (requested -> active):
  custom:graphics/normal-map-encoding: 01000000000000000000000000000000 -> 02000000000000000000000000000000
========================================================================
Received Prepare
Registering precompiled user dll's ...
Registered in 0.003104 seconds.
Begin MonoManager ReloadAssembly
Native extension for WindowsStandalone target not found
Refreshing native plugins compatible for Editor in 0.58 ms, found 1 plugins.
Preloading 0 native plugins for Editor in 0.00 ms.
Mono: successfully reloaded assembly
- Completed reload, in  1.593 seconds
Platform modules already initialized, skipping
Switching build target platform(5) subTarget(0) extendedPlatform(0) -> platform(13) subTarget(537395200) extendedPlatform(0)
Refreshing native plugins compatible for Editor in 0.58 ms, found 1 plugins.
Preloading 0 native plugins for Editor in 0.00 ms.
Unloading 1831 Unused Serialized files (Serialized files now loaded: 0)
System memory in use before: 169.5 MB.
System memory in use after: 169.5 MB.

Unloading 14 unused Assets to reduce memory usage. Loaded Objects now: 2354.
Total: 4.538500 ms (FindLiveObjects: 0.351200 ms CreateObjectMapping: 0.085600 ms MarkObjects: 3.865700 ms  DeleteObjects: 0.234100 ms)

AssetImportParameters requested are different than current active one (requested -> active):
  custom:graphics/normal-map-encoding: 01000000000000000000000000000000 -> 02000000000000000000000000000000
========================================================================
Received Prepare
Registering precompiled user dll's ...
Registered in 0.003067 seconds.
Begin MonoManager ReloadAssembly
Native extension for WindowsStandalone target not found
Refreshing native plugins compatible for Editor in 0.51 ms, found 1 plugins.
Preloading 0 native plugins for Editor in 0.00 ms.
Mono: successfully reloaded assembly
- Completed reload, in  1.463 seconds
Platform modules already initialized, skipping
Switching build target platform(5) subTarget(0) extendedPlatform(0) -> platform(13) subTarget(537395200) extendedPlatform(0)
Refreshing native plugins compatible for Editor in 0.60 ms, found 1 plugins.
Preloading 0 native plugins for Editor in 0.00 ms.
Unloading 1831 Unused Serialized files (Serialized files now loaded: 0)
System memory in use before: 169.5 MB.
System memory in use after: 169.5 MB.

Unloading 14 unused Assets to reduce memory usage. Loaded Objects now: 2358.
Total: 3.001800 ms (FindLiveObjects: 0.447400 ms CreateObjectMapping: 0.093000 ms MarkObjects: 2.300300 ms  DeleteObjects: 0.159300 ms)

AssetImportParameters requested are different than current active one (requested -> active):
  custom:graphics/normal-map-encoding: 01000000000000000000000000000000 -> 02000000000000000000000000000000
========================================================================
Received Prepare
Registering precompiled user dll's ...
Registered in 0.003298 seconds.
Begin MonoManager ReloadAssembly
Native extension for WindowsStandalone target not found
Refreshing native plugins compatible for Editor in 0.73 ms, found 1 plugins.
Preloading 0 native plugins for Editor in 0.00 ms.
Mono: successfully reloaded assembly
- Completed reload, in  1.659 seconds
Platform modules already initialized, skipping
Switching build target platform(5) subTarget(0) extendedPlatform(0) -> platform(13) subTarget(537395200) extendedPlatform(0)
Refreshing native plugins compatible for Editor in 0.50 ms, found 1 plugins.
Preloading 0 native plugins for Editor in 0.00 ms.
Unloading 1831 Unused Serialized files (Serialized files now loaded: 0)
System memory in use before: 169.5 MB.
System memory in use after: 169.5 MB.

Unloading 14 unused Assets to reduce memory usage. Loaded Objects now: 2362.
Total: 3.384200 ms (FindLiveObjects: 0.342700 ms CreateObjectMapping: 0.062900 ms MarkObjects: 2.811500 ms  DeleteObjects: 0.165000 ms)

AssetImportParameters requested are different than current active one (requested -> active):
  custom:graphics/normal-map-encoding: 01000000000000000000000000000000 -> 02000000000000000000000000000000
========================================================================
Received Prepare
Registering precompiled user dll's ...
Registered in 0.005225 seconds.
Begin MonoManager ReloadAssembly
Native extension for WindowsStandalone target not found
Refreshing native plugins compatible for Editor in 0.52 ms, found 1 plugins.
Preloading 0 native plugins for Editor in 0.00 ms.
Mono: successfully reloaded assembly
- Completed reload, in  1.492 seconds
Platform modules already initialized, skipping
Switching build target platform(5) subTarget(0) extendedPlatform(0) -> platform(13) subTarget(537395200) extendedPlatform(0)
Refreshing native plugins compatible for Editor in 0.58 ms, found 1 plugins.
Preloading 0 native plugins for Editor in 0.00 ms.
Unloading 1831 Unused Serialized files (Serialized files now loaded: 0)
System memory in use before: 169.5 MB.
System memory in use after: 169.5 MB.

Unloading 14 unused Assets to reduce memory usage. Loaded Objects now: 2366.
Total: 4.483300 ms (FindLiveObjects: 0.420100 ms CreateObjectMapping: 0.101800 ms MarkObjects: 3.740400 ms  DeleteObjects: 0.219000 ms)

AssetImportParameters requested are different than current active one (requested -> active):
  custom:graphics/normal-map-encoding: 01000000000000000000000000000000 -> 02000000000000000000000000000000
========================================================================
Received Prepare
Registering precompiled user dll's ...
Registered in 0.003595 seconds.
Begin MonoManager ReloadAssembly
Native extension for WindowsStandalone target not found
Refreshing native plugins compatible for Editor in 0.53 ms, found 1 plugins.
Preloading 0 native plugins for Editor in 0.00 ms.
Mono: successfully reloaded assembly
- Completed reload, in  1.643 seconds
Platform modules already initialized, skipping
Switching build target platform(5) subTarget(0) extendedPlatform(0) -> platform(13) subTarget(537395200) extendedPlatform(0)
Refreshing native plugins compatible for Editor in 0.47 ms, found 1 plugins.
Preloading 0 native plugins for Editor in 0.00 ms.
Unloading 1831 Unused Serialized files (Serialized files now loaded: 0)
System memory in use before: 169.5 MB.
System memory in use after: 169.5 MB.

Unloading 14 unused Assets to reduce memory usage. Loaded Objects now: 2370.
Total: 3.465600 ms (FindLiveObjects: 0.377300 ms CreateObjectMapping: 0.079800 ms MarkObjects: 2.839400 ms  DeleteObjects: 0.167200 ms)

AssetImportParameters requested are different than current active one (requested -> active):
  custom:graphics/normal-map-encoding: 01000000000000000000000000000000 -> 02000000000000000000000000000000
========================================================================
Received Prepare
Registering precompiled user dll's ...
Registered in 0.003983 seconds.
Begin MonoManager ReloadAssembly
Native extension for WindowsStandalone target not found
Refreshing native plugins compatible for Editor in 0.96 ms, found 1 plugins.
Preloading 0 native plugins for Editor in 0.00 ms.
Mono: successfully reloaded assembly
- Completed reload, in  1.903 seconds
Platform modules already initialized, skipping
Switching build target platform(5) subTarget(0) extendedPlatform(0) -> platform(13) subTarget(537395200) extendedPlatform(0)
Refreshing native plugins compatible for Editor in 0.58 ms, found 1 plugins.
Preloading 0 native plugins for Editor in 0.00 ms.
Unloading 1831 Unused Serialized files (Serialized files now loaded: 0)
System memory in use before: 169.6 MB.
System memory in use after: 169.5 MB.

Unloading 14 unused Assets to reduce memory usage. Loaded Objects now: 2374.
Total: 3.271800 ms (FindLiveObjects: 0.271200 ms CreateObjectMapping: 0.061200 ms MarkObjects: 2.763700 ms  DeleteObjects: 0.174000 ms)

AssetImportParameters requested are different than current active one (requested -> active):
  custom:graphics/normal-map-encoding: 01000000000000000000000000000000 -> 02000000000000000000000000000000
========================================================================
Received Prepare
Registering precompiled user dll's ...
Registered in 0.003287 seconds.
Begin MonoManager ReloadAssembly
Native extension for WindowsStandalone target not found
Refreshing native plugins compatible for Editor in 0.99 ms, found 1 plugins.
Preloading 0 native plugins for Editor in 0.00 ms.
Mono: successfully reloaded assembly
- Completed reload, in  2.121 seconds
Platform modules already initialized, skipping
Switching build target platform(5) subTarget(0) extendedPlatform(0) -> platform(13) subTarget(537395200) extendedPlatform(0)
Refreshing native plugins compatible for Editor in 0.55 ms, found 1 plugins.
Preloading 0 native plugins for Editor in 0.00 ms.
Unloading 1831 Unused Serialized files (Serialized files now loaded: 0)
System memory in use before: 169.6 MB.
System memory in use after: 169.5 MB.

Unloading 14 unused Assets to reduce memory usage. Loaded Objects now: 2378.
Total: 3.971100 ms (FindLiveObjects: 0.558200 ms CreateObjectMapping: 0.060100 ms MarkObjects: 3.171600 ms  DeleteObjects: 0.178900 ms)

AssetImportParameters requested are different than current active one (requested -> active):
  custom:graphics/normal-map-encoding: 01000000000000000000000000000000 -> 02000000000000000000000000000000
========================================================================
Received Prepare
Registering precompiled user dll's ...
Registered in 0.002879 seconds.
Begin MonoManager ReloadAssembly
Native extension for WindowsStandalone target not found
Refreshing native plugins compatible for Editor in 0.67 ms, found 1 plugins.
Preloading 0 native plugins for Editor in 0.00 ms.
Mono: successfully reloaded assembly
- Completed reload, in  1.646 seconds
Platform modules already initialized, skipping
Switching build target platform(5) subTarget(0) extendedPlatform(0) -> platform(13) subTarget(537395200) extendedPlatform(0)
Refreshing native plugins compatible for Editor in 0.89 ms, found 1 plugins.
Preloading 0 native plugins for Editor in 0.00 ms.
Unloading 1831 Unused Serialized files (Serialized files now loaded: 0)
System memory in use before: 169.6 MB.
System memory in use after: 169.6 MB.

Unloading 14 unused Assets to reduce memory usage. Loaded Objects now: 2382.
Total: 3.576400 ms (FindLiveObjects: 0.513200 ms CreateObjectMapping: 0.106800 ms MarkObjects: 2.777900 ms  DeleteObjects: 0.176400 ms)

AssetImportParameters requested are different than current active one (requested -> active):
  custom:graphics/normal-map-encoding: 01000000000000000000000000000000 -> 02000000000000000000000000000000
========================================================================
Received Prepare
Registering precompiled user dll's ...
Registered in 0.003329 seconds.
Begin MonoManager ReloadAssembly
Native extension for WindowsStandalone target not found
Refreshing native plugins compatible for Editor in 0.69 ms, found 1 plugins.
Preloading 0 native plugins for Editor in 0.00 ms.
Mono: successfully reloaded assembly
- Completed reload, in  2.557 seconds
Platform modules already initialized, skipping
Switching build target platform(5) subTarget(0) extendedPlatform(0) -> platform(13) subTarget(537395200) extendedPlatform(0)
Refreshing native plugins compatible for Editor in 0.77 ms, found 1 plugins.
Preloading 0 native plugins for Editor in 0.00 ms.
Unloading 1831 Unused Serialized files (Serialized files now loaded: 0)
System memory in use before: 169.6 MB.
System memory in use after: 169.6 MB.

Unloading 14 unused Assets to reduce memory usage. Loaded Objects now: 2386.
Total: 6.550200 ms (FindLiveObjects: 0.957200 ms CreateObjectMapping: 0.187900 ms MarkObjects: 5.111100 ms  DeleteObjects: 0.290900 ms)

AssetImportParameters requested are different than current active one (requested -> active):
  custom:graphics/normal-map-encoding: 01000000000000000000000000000000 -> 02000000000000000000000000000000
========================================================================
Received Prepare
Registering precompiled user dll's ...
Registered in 0.004470 seconds.
Begin MonoManager ReloadAssembly
Native extension for WindowsStandalone target not found
Refreshing native plugins compatible for Editor in 0.52 ms, found 1 plugins.
Preloading 0 native plugins for Editor in 0.00 ms.
Mono: successfully reloaded assembly
- Completed reload, in  2.292 seconds
Platform modules already initialized, skipping
Switching build target platform(5) subTarget(0) extendedPlatform(0) -> platform(13) subTarget(537395200) extendedPlatform(0)
Refreshing native plugins compatible for Editor in 0.59 ms, found 1 plugins.
Preloading 0 native plugins for Editor in 0.00 ms.
Unloading 1831 Unused Serialized files (Serialized files now loaded: 0)
System memory in use before: 169.6 MB.
System memory in use after: 169.6 MB.

Unloading 14 unused Assets to reduce memory usage. Loaded Objects now: 2390.
Total: 5.903000 ms (FindLiveObjects: 0.869700 ms CreateObjectMapping: 0.170700 ms MarkObjects: 4.581900 ms  DeleteObjects: 0.277500 ms)

AssetImportParameters requested are different than current active one (requested -> active):
  custom:graphics/normal-map-encoding: 01000000000000000000000000000000 -> 02000000000000000000000000000000
========================================================================
Received Prepare
Registering precompiled user dll's ...
Registered in 0.003474 seconds.
Begin MonoManager ReloadAssembly
Native extension for WindowsStandalone target not found
Refreshing native plugins compatible for Editor in 0.53 ms, found 1 plugins.
Preloading 0 native plugins for Editor in 0.00 ms.
Mono: successfully reloaded assembly
- Completed reload, in  1.795 seconds
Platform modules already initialized, skipping
Switching build target platform(5) subTarget(0) extendedPlatform(0) -> platform(13) subTarget(537395200) extendedPlatform(0)
Refreshing native plugins compatible for Editor in 0.53 ms, found 1 plugins.
Preloading 0 native plugins for Editor in 0.00 ms.
Unloading 1831 Unused Serialized files (Serialized files now loaded: 0)
System memory in use before: 169.7 MB.
System memory in use after: 169.7 MB.

Unloading 14 unused Assets to reduce memory usage. Loaded Objects now: 2394.
Total: 3.724200 ms (FindLiveObjects: 0.406000 ms CreateObjectMapping: 0.094600 ms MarkObjects: 3.040500 ms  DeleteObjects: 0.180900 ms)

AssetImportParameters requested are different than current active one (requested -> active):
  custom:graphics/normal-map-encoding: 01000000000000000000000000000000 -> 02000000000000000000000000000000
========================================================================
Received Prepare
Registering precompiled user dll's ...
Registered in 0.006667 seconds.
Begin MonoManager ReloadAssembly
Native extension for WindowsStandalone target not found
Refreshing native plugins compatible for Editor in 0.88 ms, found 1 plugins.
Preloading 0 native plugins for Editor in 0.00 ms.
Mono: successfully reloaded assembly
- Completed reload, in  2.452 seconds
Platform modules already initialized, skipping
Switching build target platform(5) subTarget(0) extendedPlatform(0) -> platform(13) subTarget(537395200) extendedPlatform(0)
Refreshing native plugins compatible for Editor in 0.79 ms, found 1 plugins.
Preloading 0 native plugins for Editor in 0.00 ms.
Unloading 1831 Unused Serialized files (Serialized files now loaded: 0)
System memory in use before: 169.7 MB.
System memory in use after: 169.7 MB.

Unloading 14 unused Assets to reduce memory usage. Loaded Objects now: 2398.
Total: 6.072400 ms (FindLiveObjects: 0.496600 ms CreateObjectMapping: 0.157700 ms MarkObjects: 5.054000 ms  DeleteObjects: 0.360500 ms)

AssetImportParameters requested are different than current active one (requested -> active):
  custom:graphics/normal-map-encoding: 01000000000000000000000000000000 -> 02000000000000000000000000000000
========================================================================
Received Prepare
Registering precompiled user dll's ...
Registered in 0.003021 seconds.
Begin MonoManager ReloadAssembly
Native extension for WindowsStandalone target not found
Refreshing native plugins compatible for Editor in 0.47 ms, found 1 plugins.
Preloading 0 native plugins for Editor in 0.00 ms.
Mono: successfully reloaded assembly
- Completed reload, in  1.532 seconds
Platform modules already initialized, skipping
Switching build target platform(5) subTarget(0) extendedPlatform(0) -> platform(13) subTarget(537395200) extendedPlatform(0)
Refreshing native plugins compatible for Editor in 0.59 ms, found 1 plugins.
Preloading 0 native plugins for Editor in 0.00 ms.
Unloading 1831 Unused Serialized files (Serialized files now loaded: 0)
System memory in use before: 169.8 MB.
System memory in use after: 169.7 MB.

Unloading 14 unused Assets to reduce memory usage. Loaded Objects now: 2402.
Total: 4.131600 ms (FindLiveObjects: 0.360200 ms CreateObjectMapping: 0.073300 ms MarkObjects: 3.447200 ms  DeleteObjects: 0.249000 ms)

AssetImportParameters requested are different than current active one (requested -> active):
  custom:graphics/normal-map-encoding: 01000000000000000000000000000000 -> 02000000000000000000000000000000
========================================================================
Received Prepare
Registering precompiled user dll's ...
Registered in 0.002565 seconds.
Begin MonoManager ReloadAssembly
Native extension for WindowsStandalone target not found
Refreshing native plugins compatible for Editor in 0.56 ms, found 1 plugins.
Preloading 0 native plugins for Editor in 0.00 ms.
Mono: successfully reloaded assembly
- Completed reload, in  1.375 seconds
Platform modules already initialized, skipping
Switching build target platform(5) subTarget(0) extendedPlatform(0) -> platform(13) subTarget(537395200) extendedPlatform(0)
Refreshing native plugins compatible for Editor in 0.46 ms, found 1 plugins.
Preloading 0 native plugins for Editor in 0.00 ms.
Unloading 1831 Unused Serialized files (Serialized files now loaded: 0)
System memory in use before: 169.8 MB.
System memory in use after: 169.7 MB.

Unloading 14 unused Assets to reduce memory usage. Loaded Objects now: 2406.
Total: 3.334800 ms (FindLiveObjects: 0.285400 ms CreateObjectMapping: 0.059300 ms MarkObjects: 2.826400 ms  DeleteObjects: 0.162100 ms)

AssetImportParameters requested are different than current active one (requested -> active):
  custom:graphics/normal-map-encoding: 01000000000000000000000000000000 -> 02000000000000000000000000000000
========================================================================
Received Prepare
Registering precompiled user dll's ...
Registered in 0.002583 seconds.
Begin MonoManager ReloadAssembly
Native extension for WindowsStandalone target not found
Refreshing native plugins compatible for Editor in 0.46 ms, found 1 plugins.
Preloading 0 native plugins for Editor in 0.00 ms.
Mono: successfully reloaded assembly
- Completed reload, in  1.362 seconds
Platform modules already initialized, skipping
Switching build target platform(5) subTarget(0) extendedPlatform(0) -> platform(13) subTarget(537395200) extendedPlatform(0)
Refreshing native plugins compatible for Editor in 0.46 ms, found 1 plugins.
Preloading 0 native plugins for Editor in 0.00 ms.
Unloading 1831 Unused Serialized files (Serialized files now loaded: 0)
System memory in use before: 169.8 MB.
System memory in use after: 169.8 MB.

Unloading 14 unused Assets to reduce memory usage. Loaded Objects now: 2410.
Total: 3.548500 ms (FindLiveObjects: 0.372900 ms CreateObjectMapping: 0.132400 ms MarkObjects: 2.863400 ms  DeleteObjects: 0.178400 ms)

AssetImportParameters requested are different than current active one (requested -> active):
  custom:graphics/normal-map-encoding: 01000000000000000000000000000000 -> 02000000000000000000000000000000
========================================================================
Received Prepare
Registering precompiled user dll's ...
Registered in 0.003261 seconds.
Begin MonoManager ReloadAssembly
Native extension for WindowsStandalone target not found
Refreshing native plugins compatible for Editor in 0.80 ms, found 1 plugins.
Preloading 0 native plugins for Editor in 0.00 ms.
Mono: successfully reloaded assembly
- Completed reload, in  1.474 seconds
Platform modules already initialized, skipping
Switching build target platform(5) subTarget(0) extendedPlatform(0) -> platform(13) subTarget(537395200) extendedPlatform(0)
Refreshing native plugins compatible for Editor in 0.48 ms, found 1 plugins.
Preloading 0 native plugins for Editor in 0.00 ms.
Unloading 1831 Unused Serialized files (Serialized files now loaded: 0)
System memory in use before: 169.8 MB.
System memory in use after: 169.8 MB.

Unloading 14 unused Assets to reduce memory usage. Loaded Objects now: 2414.
Total: 4.719100 ms (FindLiveObjects: 0.473100 ms CreateObjectMapping: 0.140500 ms MarkObjects: 3.933100 ms  DeleteObjects: 0.170200 ms)

AssetImportParameters requested are different than current active one (requested -> active):
  custom:graphics/normal-map-encoding: 01000000000000000000000000000000 -> 02000000000000000000000000000000
========================================================================
Received Prepare
Registering precompiled user dll's ...
Registered in 0.002568 seconds.
Begin MonoManager ReloadAssembly
Native extension for WindowsStandalone target not found
Refreshing native plugins compatible for Editor in 0.47 ms, found 1 plugins.
Preloading 0 native plugins for Editor in 0.00 ms.
Mono: successfully reloaded assembly
- Completed reload, in  1.391 seconds
Platform modules already initialized, skipping
Switching build target platform(5) subTarget(0) extendedPlatform(0) -> platform(13) subTarget(537395200) extendedPlatform(0)
Refreshing native plugins compatible for Editor in 0.46 ms, found 1 plugins.
Preloading 0 native plugins for Editor in 0.00 ms.
Unloading 1831 Unused Serialized files (Serialized files now loaded: 0)
System memory in use before: 169.8 MB.
System memory in use after: 169.8 MB.

Unloading 14 unused Assets to reduce memory usage. Loaded Objects now: 2418.
Total: 3.055400 ms (FindLiveObjects: 0.311700 ms CreateObjectMapping: 0.066600 ms MarkObjects: 2.512300 ms  DeleteObjects: 0.163000 ms)

AssetImportParameters requested are different than current active one (requested -> active):
  custom:graphics/normal-map-encoding: 01000000000000000000000000000000 -> 02000000000000000000000000000000
========================================================================
Received Import Request.
  Time since last request: 49862.268187 seconds.
  path: Assets/Scripts/Level.cs
  artifactKey: Guid(15d2174b8b84a3344bb15243a531e8b6) Importer(815301076,1909f56bfc062723c751e8b465ee728b)
Start importing Assets/Scripts/Level.cs using Guid(15d2174b8b84a3344bb15243a531e8b6) Importer(815301076,1909f56bfc062723c751e8b465ee728b)  -> (artifact id: '8d74430f28e57e6d40287be199da10fb') in 0.018586 seconds
  Import took 0.025159 seconds .

========================================================================
Received Prepare
Registering precompiled user dll's ...
Registered in 0.002592 seconds.
Begin MonoManager ReloadAssembly
Native extension for WindowsStandalone target not found
Refreshing native plugins compatible for Editor in 0.46 ms, found 1 plugins.
Preloading 0 native plugins for Editor in 0.00 ms.
Mono: successfully reloaded assembly
- Completed reload, in  1.562 seconds
Platform modules already initialized, skipping
Switching build target platform(5) subTarget(0) extendedPlatform(0) -> platform(13) subTarget(537395200) extendedPlatform(0)
Refreshing native plugins compatible for Editor in 0.45 ms, found 1 plugins.
Preloading 0 native plugins for Editor in 0.00 ms.
Unloading 1832 Unused Serialized files (Serialized files now loaded: 0)
System memory in use before: 169.8 MB.
System memory in use after: 169.8 MB.

Unloading 14 unused Assets to reduce memory usage. Loaded Objects now: 2423.
Total: 3.346300 ms (FindLiveObjects: 0.309300 ms CreateObjectMapping: 0.076200 ms MarkObjects: 2.777400 ms  DeleteObjects: 0.181500 ms)

AssetImportParameters requested are different than current active one (requested -> active):
  custom:graphics/normal-map-encoding: 01000000000000000000000000000000 -> 02000000000000000000000000000000
========================================================================
Received Prepare
Registering precompiled user dll's ...
Registered in 0.002673 seconds.
Begin MonoManager ReloadAssembly
Native extension for WindowsStandalone target not found
Refreshing native plugins compatible for Editor in 0.48 ms, found 1 plugins.
Preloading 0 native plugins for Editor in 0.00 ms.
Mono: successfully reloaded assembly
- Completed reload, in  1.738 seconds
Platform modules already initialized, skipping
Switching build target platform(5) subTarget(0) extendedPlatform(0) -> platform(13) subTarget(537395200) extendedPlatform(0)
Refreshing native plugins compatible for Editor in 0.77 ms, found 1 plugins.
Preloading 0 native plugins for Editor in 0.00 ms.
Unloading 1831 Unused Serialized files (Serialized files now loaded: 0)
System memory in use before: 169.8 MB.
System memory in use after: 169.8 MB.

Unloading 15 unused Assets to reduce memory usage. Loaded Objects now: 2426.
Total: 3.092500 ms (FindLiveObjects: 0.344200 ms CreateObjectMapping: 0.101700 ms MarkObjects: 2.483400 ms  DeleteObjects: 0.160800 ms)

AssetImportParameters requested are different than current active one (requested -> active):
  custom:graphics/normal-map-encoding: 01000000000000000000000000000000 -> 02000000000000000000000000000000
========================================================================
Received Prepare
Registering precompiled user dll's ...
Registered in 0.002636 seconds.
Begin MonoManager ReloadAssembly
Native extension for WindowsStandalone target not found
Refreshing native plugins compatible for Editor in 0.48 ms, found 1 plugins.
Preloading 0 native plugins for Editor in 0.00 ms.
Mono: successfully reloaded assembly
- Completed reload, in  1.637 seconds
Platform modules already initialized, skipping
Switching build target platform(5) subTarget(0) extendedPlatform(0) -> platform(13) subTarget(537395200) extendedPlatform(0)
Refreshing native plugins compatible for Editor in 0.67 ms, found 1 plugins.
Preloading 0 native plugins for Editor in 0.00 ms.
Unloading 1831 Unused Serialized files (Serialized files now loaded: 0)
System memory in use before: 169.8 MB.
System memory in use after: 169.8 MB.

Unloading 14 unused Assets to reduce memory usage. Loaded Objects now: 2430.
Total: 3.293500 ms (FindLiveObjects: 0.286900 ms CreateObjectMapping: 0.066200 ms MarkObjects: 2.761700 ms  DeleteObjects: 0.177000 ms)

AssetImportParameters requested are different than current active one (requested -> active):
  custom:graphics/normal-map-encoding: 01000000000000000000000000000000 -> 02000000000000000000000000000000
========================================================================
Received Prepare
Registering precompiled user dll's ...
Registered in 0.003729 seconds.
Begin MonoManager ReloadAssembly
Native extension for WindowsStandalone target not found
Refreshing native plugins compatible for Editor in 0.47 ms, found 1 plugins.
Preloading 0 native plugins for Editor in 0.00 ms.
Mono: successfully reloaded assembly
- Completed reload, in  1.482 seconds
Platform modules already initialized, skipping
Switching build target platform(5) subTarget(0) extendedPlatform(0) -> platform(13) subTarget(537395200) extendedPlatform(0)
Refreshing native plugins compatible for Editor in 0.45 ms, found 1 plugins.
Preloading 0 native plugins for Editor in 0.00 ms.
Unloading 1831 Unused Serialized files (Serialized files now loaded: 0)
System memory in use before: 169.8 MB.
System memory in use after: 169.8 MB.

Unloading 14 unused Assets to reduce memory usage. Loaded Objects now: 2434.
Total: 5.023300 ms (FindLiveObjects: 0.926100 ms CreateObjectMapping: 0.204800 ms MarkObjects: 3.668700 ms  DeleteObjects: 0.221800 ms)

AssetImportParameters requested are different than current active one (requested -> active):
  custom:graphics/normal-map-encoding: 01000000000000000000000000000000 -> 02000000000000000000000000000000
========================================================================
Received Prepare
Registering precompiled user dll's ...
Registered in 0.003054 seconds.
Begin MonoManager ReloadAssembly
Native extension for WindowsStandalone target not found
Refreshing native plugins compatible for Editor in 0.46 ms, found 1 plugins.
Preloading 0 native plugins for Editor in 0.00 ms.
Mono: successfully reloaded assembly
- Completed reload, in  1.441 seconds
Platform modules already initialized, skipping
Switching build target platform(5) subTarget(0) extendedPlatform(0) -> platform(13) subTarget(537395200) extendedPlatform(0)
Refreshing native plugins compatible for Editor in 0.45 ms, found 1 plugins.
Preloading 0 native plugins for Editor in 0.00 ms.
Unloading 1831 Unused Serialized files (Serialized files now loaded: 0)
System memory in use before: 169.8 MB.
System memory in use after: 169.8 MB.

Unloading 14 unused Assets to reduce memory usage. Loaded Objects now: 2438.
Total: 3.379900 ms (FindLiveObjects: 0.320700 ms CreateObjectMapping: 0.071000 ms MarkObjects: 2.814700 ms  DeleteObjects: 0.171900 ms)

AssetImportParameters requested are different than current active one (requested -> active):
  custom:graphics/normal-map-encoding: 01000000000000000000000000000000 -> 02000000000000000000000000000000
========================================================================
Received Prepare
Registering precompiled user dll's ...
Registered in 0.002629 seconds.
Begin MonoManager ReloadAssembly
Native extension for WindowsStandalone target not found
Refreshing native plugins compatible for Editor in 0.55 ms, found 1 plugins.
Preloading 0 native plugins for Editor in 0.00 ms.
Mono: successfully reloaded assembly
- Completed reload, in  1.499 seconds
Platform modules already initialized, skipping
Switching build target platform(5) subTarget(0) extendedPlatform(0) -> platform(13) subTarget(537395200) extendedPlatform(0)
Refreshing native plugins compatible for Editor in 0.46 ms, found 1 plugins.
Preloading 0 native plugins for Editor in 0.00 ms.
Unloading 1831 Unused Serialized files (Serialized files now loaded: 0)
System memory in use before: 169.8 MB.
System memory in use after: 169.8 MB.

Unloading 14 unused Assets to reduce memory usage. Loaded Objects now: 2442.
Total: 2.673800 ms (FindLiveObjects: 0.289100 ms CreateObjectMapping: 0.065300 ms MarkObjects: 2.169300 ms  DeleteObjects: 0.148800 ms)

AssetImportParameters requested are different than current active one (requested -> active):
  custom:graphics/normal-map-encoding: 01000000000000000000000000000000 -> 02000000000000000000000000000000
========================================================================
Received Prepare
Registering precompiled user dll's ...
Registered in 0.003103 seconds.
Begin MonoManager ReloadAssembly
Native extension for WindowsStandalone target not found
Refreshing native plugins compatible for Editor in 0.55 ms, found 1 plugins.
Preloading 0 native plugins for Editor in 0.00 ms.
Mono: successfully reloaded assembly
- Completed reload, in  1.521 seconds
Platform modules already initialized, skipping
Switching build target platform(5) subTarget(0) extendedPlatform(0) -> platform(13) subTarget(537395200) extendedPlatform(0)
Refreshing native plugins compatible for Editor in 0.46 ms, found 1 plugins.
Preloading 0 native plugins for Editor in 0.00 ms.
Unloading 1831 Unused Serialized files (Serialized files now loaded: 0)
System memory in use before: 169.9 MB.
System memory in use after: 169.8 MB.

Unloading 14 unused Assets to reduce memory usage. Loaded Objects now: 2446.
Total: 2.919300 ms (FindLiveObjects: 0.396700 ms CreateObjectMapping: 0.076700 ms MarkObjects: 2.267900 ms  DeleteObjects: 0.175800 ms)

AssetImportParameters requested are different than current active one (requested -> active):
  custom:graphics/normal-map-encoding: 01000000000000000000000000000000 -> 02000000000000000000000000000000
========================================================================
Received Prepare
Registering precompiled user dll's ...
Registered in 0.002516 seconds.
Begin MonoManager ReloadAssembly
Native extension for WindowsStandalone target not found
Refreshing native plugins compatible for Editor in 0.75 ms, found 1 plugins.
Preloading 0 native plugins for Editor in 0.00 ms.
Mono: successfully reloaded assembly
- Completed reload, in  1.539 seconds
Platform modules already initialized, skipping
Switching build target platform(5) subTarget(0) extendedPlatform(0) -> platform(13) subTarget(537395200) extendedPlatform(0)
Refreshing native plugins compatible for Editor in 0.45 ms, found 1 plugins.
Preloading 0 native plugins for Editor in 0.00 ms.
Unloading 1831 Unused Serialized files (Serialized files now loaded: 0)
System memory in use before: 169.9 MB.
System memory in use after: 169.8 MB.

Unloading 14 unused Assets to reduce memory usage. Loaded Objects now: 2450.
Total: 3.695000 ms (FindLiveObjects: 0.266500 ms CreateObjectMapping: 0.051600 ms MarkObjects: 3.136300 ms  DeleteObjects: 0.238900 ms)

AssetImportParameters requested are different than current active one (requested -> active):
  custom:graphics/normal-map-encoding: 01000000000000000000000000000000 -> 02000000000000000000000000000000
========================================================================
Received Prepare
Registering precompiled user dll's ...
Registered in 0.002891 seconds.
Begin MonoManager ReloadAssembly
Native extension for WindowsStandalone target not found
Refreshing native plugins compatible for Editor in 0.46 ms, found 1 plugins.
Preloading 0 native plugins for Editor in 0.00 ms.
Mono: successfully reloaded assembly
- Completed reload, in  1.481 seconds
Platform modules already initialized, skipping
Switching build target platform(5) subTarget(0) extendedPlatform(0) -> platform(13) subTarget(537395200) extendedPlatform(0)
Refreshing native plugins compatible for Editor in 0.45 ms, found 1 plugins.
Preloading 0 native plugins for Editor in 0.00 ms.
Unloading 1831 Unused Serialized files (Serialized files now loaded: 0)
System memory in use before: 169.9 MB.
System memory in use after: 169.8 MB.

Unloading 14 unused Assets to reduce memory usage. Loaded Objects now: 2454.
Total: 3.277900 ms (FindLiveObjects: 0.294900 ms CreateObjectMapping: 0.067700 ms MarkObjects: 2.746900 ms  DeleteObjects: 0.166400 ms)

AssetImportParameters requested are different than current active one (requested -> active):
  custom:graphics/normal-map-encoding: 01000000000000000000000000000000 -> 02000000000000000000000000000000
========================================================================
Received Prepare
Registering precompiled user dll's ...
Registered in 0.002961 seconds.
Begin MonoManager ReloadAssembly
Native extension for WindowsStandalone target not found
Refreshing native plugins compatible for Editor in 0.71 ms, found 1 plugins.
Preloading 0 native plugins for Editor in 0.00 ms.
Mono: successfully reloaded assembly
- Completed reload, in  2.176 seconds
Platform modules already initialized, skipping
Switching build target platform(5) subTarget(0) extendedPlatform(0) -> platform(13) subTarget(537395200) extendedPlatform(0)
Refreshing native plugins compatible for Editor in 0.76 ms, found 1 plugins.
Preloading 0 native plugins for Editor in 0.00 ms.
Unloading 1831 Unused Serialized files (Serialized files now loaded: 0)
System memory in use before: 169.9 MB.
System memory in use after: 169.9 MB.

Unloading 14 unused Assets to reduce memory usage. Loaded Objects now: 2458.
Total: 3.603500 ms (FindLiveObjects: 0.452500 ms CreateObjectMapping: 0.060200 ms MarkObjects: 2.945100 ms  DeleteObjects: 0.144000 ms)

AssetImportParameters requested are different than current active one (requested -> active):
  custom:graphics/normal-map-encoding: 01000000000000000000000000000000 -> 02000000000000000000000000000000
========================================================================
Received Prepare
Registering precompiled user dll's ...
Registered in 0.003452 seconds.
Begin MonoManager ReloadAssembly
Native extension for WindowsStandalone target not found
Refreshing native plugins compatible for Editor in 0.61 ms, found 1 plugins.
Preloading 0 native plugins for Editor in 0.00 ms.
Mono: successfully reloaded assembly
- Completed reload, in  1.811 seconds
Platform modules already initialized, skipping
Switching build target platform(5) subTarget(0) extendedPlatform(0) -> platform(13) subTarget(537395200) extendedPlatform(0)
Refreshing native plugins compatible for Editor in 0.55 ms, found 1 plugins.
Preloading 0 native plugins for Editor in 0.00 ms.
Unloading 1831 Unused Serialized files (Serialized files now loaded: 0)
System memory in use before: 169.9 MB.
System memory in use after: 169.9 MB.

Unloading 14 unused Assets to reduce memory usage. Loaded Objects now: 2462.
Total: 3.340300 ms (FindLiveObjects: 0.317300 ms CreateObjectMapping: 0.070200 ms MarkObjects: 2.771300 ms  DeleteObjects: 0.179800 ms)

AssetImportParameters requested are different than current active one (requested -> active):
  custom:graphics/normal-map-encoding: 01000000000000000000000000000000 -> 02000000000000000000000000000000
========================================================================
Received Prepare
Registering precompiled user dll's ...
Registered in 0.003103 seconds.
Begin MonoManager ReloadAssembly
Native extension for WindowsStandalone target not found
Refreshing native plugins compatible for Editor in 0.76 ms, found 1 plugins.
Preloading 0 native plugins for Editor in 0.00 ms.
Mono: successfully reloaded assembly
- Completed reload, in  1.790 seconds
Platform modules already initialized, skipping
Switching build target platform(5) subTarget(0) extendedPlatform(0) -> platform(13) subTarget(537395200) extendedPlatform(0)
Refreshing native plugins compatible for Editor in 0.53 ms, found 1 plugins.
Preloading 0 native plugins for Editor in 0.00 ms.
Unloading 1831 Unused Serialized files (Serialized files now loaded: 0)
System memory in use before: 169.9 MB.
System memory in use after: 169.9 MB.

Unloading 14 unused Assets to reduce memory usage. Loaded Objects now: 2466.
Total: 5.470600 ms (FindLiveObjects: 0.466100 ms CreateObjectMapping: 0.129400 ms MarkObjects: 4.656400 ms  DeleteObjects: 0.216200 ms)

AssetImportParameters requested are different than current active one (requested -> active):
  custom:graphics/normal-map-encoding: 01000000000000000000000000000000 -> 02000000000000000000000000000000
========================================================================
Received Prepare
Registering precompiled user dll's ...
Registered in 0.003818 seconds.
Begin MonoManager ReloadAssembly
Native extension for WindowsStandalone target not found
Refreshing native plugins compatible for Editor in 0.75 ms, found 1 plugins.
Preloading 0 native plugins for Editor in 0.00 ms.
Mono: successfully reloaded assembly
- Completed reload, in  2.145 seconds
Platform modules already initialized, skipping
Switching build target platform(5) subTarget(0) extendedPlatform(0) -> platform(13) subTarget(537395200) extendedPlatform(0)
Refreshing native plugins compatible for Editor in 0.76 ms, found 1 plugins.
Preloading 0 native plugins for Editor in 0.00 ms.
Unloading 1831 Unused Serialized files (Serialized files now loaded: 0)
System memory in use before: 169.9 MB.
System memory in use after: 169.9 MB.

Unloading 14 unused Assets to reduce memory usage. Loaded Objects now: 2470.
Total: 3.223300 ms (FindLiveObjects: 0.395300 ms CreateObjectMapping: 0.054800 ms MarkObjects: 2.627600 ms  DeleteObjects: 0.144100 ms)

AssetImportParameters requested are different than current active one (requested -> active):
  custom:graphics/normal-map-encoding: 01000000000000000000000000000000 -> 02000000000000000000000000000000
========================================================================
Received Prepare
Registering precompiled user dll's ...
Registered in 0.004138 seconds.
Begin MonoManager ReloadAssembly
Native extension for WindowsStandalone target not found
Refreshing native plugins compatible for Editor in 0.62 ms, found 1 plugins.
Preloading 0 native plugins for Editor in 0.00 ms.
Mono: successfully reloaded assembly
- Completed reload, in  2.372 seconds
Platform modules already initialized, skipping
Switching build target platform(5) subTarget(0) extendedPlatform(0) -> platform(13) subTarget(537395200) extendedPlatform(0)
Refreshing native plugins compatible for Editor in 0.53 ms, found 1 plugins.
Preloading 0 native plugins for Editor in 0.00 ms.
Unloading 1831 Unused Serialized files (Serialized files now loaded: 0)
System memory in use before: 169.9 MB.
System memory in use after: 169.9 MB.

Unloading 14 unused Assets to reduce memory usage. Loaded Objects now: 2474.
Total: 4.342600 ms (FindLiveObjects: 0.434500 ms CreateObjectMapping: 0.096300 ms MarkObjects: 3.579200 ms  DeleteObjects: 0.230100 ms)

AssetImportParameters requested are different than current active one (requested -> active):
  custom:graphics/normal-map-encoding: 01000000000000000000000000000000 -> 02000000000000000000000000000000
AssetImportWorkerClient::OnTransportError - code=2 error=End of file
