Using pre-set license
Built from '2020.3/staging' branch; Version is '2020.3.4f1 (0abb6314276a) revision 703331'; Using compiler version '192528614'; Build Type 'Release'
OS: 'Windows 10 Home Single Language; OS build 19042.1083; Version 2009; 64bit' Language: 'ru' Physical Memory: 7103 MB
BatchMode: 1, IsHumanControllingUs: 0, StartBugReporterOnCrash: 0, Is64bit: 1, IsPro: 0

 COMMAND LINE ARGUMENTS:
C:\Program Files\Unity\Hub\Editor\2019.4.19f1\Editor\Unity.exe
-adb2
-batchMode
-noUpm
-name
AssetImportWorker1
-projectPath
C:/Quiz/Test
-logFile
Logs/AssetImportWorker1.log
-srvPort
65303
Successfully changed project path to: C:/Quiz/Test
C:/Quiz/Test
Using Asset Import Pipeline V2.
Refreshing native plugins compatible for Editor in 80.87 ms, found 1 plugins.
Preloading 0 native plugins for Editor in 0.00 ms.
Initialize engine version: 2020.3.4f1 (0abb6314276a)
[Subsystems] Discovering subsystems at path C:/Program Files/Unity/Hub/Editor/2019.4.19f1/Editor/Data/Resources/UnitySubsystems
[Subsystems] Discovering subsystems at path C:/Quiz/Test/Assets
GfxDevice: creating device client; threaded=0
Direct3D:
    Version:  Direct3D 11.0 [level 11.1]
    Renderer: AMD Radeon(TM) Vega 8 Graphics (ID=0x15d8)
    Vendor:   
    VRAM:     3551 MB
    Driver:   26.20.11030.22001
Initialize mono
Mono path[0] = 'C:/Program Files/Unity/Hub/Editor/2019.4.19f1/Editor/Data/Managed'
Mono path[1] = 'C:/Program Files/Unity/Hub/Editor/2019.4.19f1/Editor/Data/MonoBleedingEdge/lib/mono/unityjit'
Mono config path = 'C:/Program Files/Unity/Hub/Editor/2019.4.19f1/Editor/Data/MonoBleedingEdge/etc'
Using monoOptions --debugger-agent=transport=dt_socket,embedding=1,server=y,suspend=n,address=127.0.0.1:56524
Begin MonoManager ReloadAssembly
Registering precompiled unity dll's ...
Register platform support module: C:/Program Files/Unity/Hub/Editor/2019.4.19f1/Editor/Data/PlaybackEngines/WindowsStandaloneSupport/UnityEditor.WindowsStandalone.Extensions.dll
Registered in 0.006510 seconds.
Native extension for WindowsStandalone target not found
Refreshing native plugins compatible for Editor in 88.70 ms, found 1 plugins.
Preloading 0 native plugins for Editor in 0.00 ms.
Mono: successfully reloaded assembly
- Completed reload, in  3.160 seconds
Platform modules already initialized, skipping
Registering precompiled user dll's ...
Registered in 0.005543 seconds.
Begin MonoManager ReloadAssembly
Native extension for WindowsStandalone target not found
Refreshing native plugins compatible for Editor in 104.72 ms, found 1 plugins.
Preloading 0 native plugins for Editor in 0.00 ms.
Mono: successfully reloaded assembly
- Completed reload, in  2.079 seconds
Platform modules already initialized, skipping
========================================================================
Worker process is ready to serve import requests
Launched and connected shader compiler UnityShaderCompiler.exe after 0.09 seconds
Refreshing native plugins compatible for Editor in 0.42 ms, found 1 plugins.
Preloading 0 native plugins for Editor in 0.00 ms.
Unloading 1824 Unused Serialized files (Serialized files now loaded: 0)
System memory in use before: 156.3 MB.
System memory in use after: 156.3 MB.

Unloading 26 unused Assets to reduce memory usage. Loaded Objects now: 2272.
Total: 3.848400 ms (FindLiveObjects: 0.404600 ms CreateObjectMapping: 0.087000 ms MarkObjects: 3.170600 ms  DeleteObjects: 0.184400 ms)

========================================================================
Received Import Request.
  path: Assets/Star.png
  artifactKey: Guid(002feb2e7edd9324eb78846a5043b7fd) Importer(815301076,1909f56bfc062723c751e8b465ee728b)
Start importing Assets/Star.png using Guid(002feb2e7edd9324eb78846a5043b7fd) Importer(815301076,1909f56bfc062723c751e8b465ee728b)  -> (artifact id: 'aef895f3003228385a89501867e5c518') in 0.224554 seconds
  Import took 0.229426 seconds .

========================================================================
Received Prepare
Registering precompiled user dll's ...
Registered in 0.002834 seconds.
Begin MonoManager ReloadAssembly
Native extension for WindowsStandalone target not found
Refreshing native plugins compatible for Editor in 0.45 ms, found 1 plugins.
Preloading 0 native plugins for Editor in 0.00 ms.
Mono: successfully reloaded assembly
- Completed reload, in  1.458 seconds
Platform modules already initialized, skipping
Switching build target platform(5) subTarget(0) extendedPlatform(0) -> platform(13) subTarget(537395200) extendedPlatform(0)
Refreshing native plugins compatible for Editor in 0.52 ms, found 1 plugins.
Preloading 0 native plugins for Editor in 0.00 ms.
Unloading 1822 Unused Serialized files (Serialized files now loaded: 0)
System memory in use before: 159.3 MB.
System memory in use after: 159.2 MB.

Unloading 14 unused Assets to reduce memory usage. Loaded Objects now: 2282.
Total: 4.171000 ms (FindLiveObjects: 0.308900 ms CreateObjectMapping: 0.091000 ms MarkObjects: 3.560400 ms  DeleteObjects: 0.208600 ms)

AssetImportParameters requested are different than current active one (requested -> active):
  custom:graphics/normal-map-encoding: 01000000000000000000000000000000 -> 02000000000000000000000000000000
========================================================================
Received Prepare
Registering precompiled user dll's ...
Registered in 0.003684 seconds.
Begin MonoManager ReloadAssembly
Native extension for WindowsStandalone target not found
Refreshing native plugins compatible for Editor in 0.49 ms, found 1 plugins.
Preloading 0 native plugins for Editor in 0.00 ms.
Mono: successfully reloaded assembly
- Completed reload, in  1.424 seconds
Platform modules already initialized, skipping
Switching build target platform(5) subTarget(0) extendedPlatform(0) -> platform(13) subTarget(537395200) extendedPlatform(0)
Refreshing native plugins compatible for Editor in 0.64 ms, found 1 plugins.
Preloading 0 native plugins for Editor in 0.00 ms.
Unloading 1822 Unused Serialized files (Serialized files now loaded: 0)
System memory in use before: 159.3 MB.
System memory in use after: 159.3 MB.

Unloading 14 unused Assets to reduce memory usage. Loaded Objects now: 2286.
Total: 3.039200 ms (FindLiveObjects: 0.278800 ms CreateObjectMapping: 0.064700 ms MarkObjects: 2.539300 ms  DeleteObjects: 0.154600 ms)

AssetImportParameters requested are different than current active one (requested -> active):
  custom:graphics/normal-map-encoding: 01000000000000000000000000000000 -> 02000000000000000000000000000000
========================================================================
Received Prepare
Registering precompiled user dll's ...
Registered in 0.003095 seconds.
Begin MonoManager ReloadAssembly
Native extension for WindowsStandalone target not found
Refreshing native plugins compatible for Editor in 0.44 ms, found 1 plugins.
Preloading 0 native plugins for Editor in 0.00 ms.
Mono: successfully reloaded assembly
- Completed reload, in  1.277 seconds
Platform modules already initialized, skipping
Switching build target platform(5) subTarget(0) extendedPlatform(0) -> platform(13) subTarget(537395200) extendedPlatform(0)
Refreshing native plugins compatible for Editor in 0.47 ms, found 1 plugins.
Preloading 0 native plugins for Editor in 0.00 ms.
Unloading 1822 Unused Serialized files (Serialized files now loaded: 0)
System memory in use before: 159.3 MB.
System memory in use after: 159.3 MB.

Unloading 14 unused Assets to reduce memory usage. Loaded Objects now: 2290.
Total: 2.755500 ms (FindLiveObjects: 0.403100 ms CreateObjectMapping: 0.051200 ms MarkObjects: 2.152500 ms  DeleteObjects: 0.146800 ms)

AssetImportParameters requested are different than current active one (requested -> active):
  custom:graphics/normal-map-encoding: 01000000000000000000000000000000 -> 02000000000000000000000000000000
========================================================================
Received Import Request.
  Time since last request: 822.498736 seconds.
  path: Assets
  artifactKey: Guid(00000000000000001000000000000000) Importer(815301076,1909f56bfc062723c751e8b465ee728b)
Start importing Assets using Guid(00000000000000001000000000000000) Importer(815301076,1909f56bfc062723c751e8b465ee728b)  -> (artifact id: '025e4f587c23674256bb898581e82961') in 0.029778 seconds
  Import took 0.037800 seconds .

========================================================================
Received Import Request.
  Time since last request: 1.210972 seconds.
  path: Assets/Resources
  artifactKey: Guid(aa9b40a87fb85b74c944d1753fa028c5) Importer(815301076,1909f56bfc062723c751e8b465ee728b)
Start importing Assets/Resources using Guid(aa9b40a87fb85b74c944d1753fa028c5) Importer(815301076,1909f56bfc062723c751e8b465ee728b)  -> (artifact id: '3921c6dbff0d624265af89ecdec4b24a') in 0.019000 seconds
  Import took 0.026481 seconds .

========================================================================
Received Prepare
Registering precompiled user dll's ...
Registered in 0.003041 seconds.
Begin MonoManager ReloadAssembly
Native extension for WindowsStandalone target not found
Refreshing native plugins compatible for Editor in 0.72 ms, found 1 plugins.
Preloading 0 native plugins for Editor in 0.00 ms.
Mono: successfully reloaded assembly
- Completed reload, in  1.548 seconds
Platform modules already initialized, skipping
Switching build target platform(5) subTarget(0) extendedPlatform(0) -> platform(13) subTarget(537395200) extendedPlatform(0)
Refreshing native plugins compatible for Editor in 0.59 ms, found 1 plugins.
Preloading 0 native plugins for Editor in 0.00 ms.
Unloading 1822 Unused Serialized files (Serialized files now loaded: 0)
System memory in use before: 159.4 MB.
System memory in use after: 159.3 MB.

Unloading 14 unused Assets to reduce memory usage. Loaded Objects now: 2294.
Total: 3.879400 ms (FindLiveObjects: 0.303000 ms CreateObjectMapping: 0.087800 ms MarkObjects: 3.270500 ms  DeleteObjects: 0.216000 ms)

AssetImportParameters requested are different than current active one (requested -> active):
  custom:graphics/normal-map-encoding: 01000000000000000000000000000000 -> 02000000000000000000000000000000
========================================================================
Received Import Request.
  Time since last request: 17.287293 seconds.
  path: Assets/Materials
  artifactKey: Guid(3b41ee3e3e97dfc49a7e5acfbc6e5c9b) Importer(815301076,1909f56bfc062723c751e8b465ee728b)
Start importing Assets/Materials using Guid(3b41ee3e3e97dfc49a7e5acfbc6e5c9b) Importer(815301076,1909f56bfc062723c751e8b465ee728b)  -> (artifact id: '4736d0d2902c018866fda7d650655457') in 0.027464 seconds
  Import took 0.032685 seconds .

========================================================================
Received Prepare
Registering precompiled user dll's ...
Registered in 0.004358 seconds.
Begin MonoManager ReloadAssembly
Native extension for WindowsStandalone target not found
Refreshing native plugins compatible for Editor in 0.46 ms, found 1 plugins.
Preloading 0 native plugins for Editor in 0.00 ms.
Mono: successfully reloaded assembly
- Completed reload, in  1.381 seconds
Platform modules already initialized, skipping
Switching build target platform(5) subTarget(0) extendedPlatform(0) -> platform(13) subTarget(537395200) extendedPlatform(0)
Refreshing native plugins compatible for Editor in 0.56 ms, found 1 plugins.
Preloading 0 native plugins for Editor in 0.00 ms.
Unloading 1822 Unused Serialized files (Serialized files now loaded: 0)
System memory in use before: 159.4 MB.
System memory in use after: 159.4 MB.

Unloading 14 unused Assets to reduce memory usage. Loaded Objects now: 2298.
Total: 2.613200 ms (FindLiveObjects: 0.317000 ms CreateObjectMapping: 0.058200 ms MarkObjects: 2.084600 ms  DeleteObjects: 0.151000 ms)

AssetImportParameters requested are different than current active one (requested -> active):
  custom:graphics/normal-map-encoding: 01000000000000000000000000000000 -> 02000000000000000000000000000000
========================================================================
Received Prepare
Registering precompiled user dll's ...
Registered in 0.002890 seconds.
Begin MonoManager ReloadAssembly
Native extension for WindowsStandalone target not found
Refreshing native plugins compatible for Editor in 0.43 ms, found 1 plugins.
Preloading 0 native plugins for Editor in 0.00 ms.
Mono: successfully reloaded assembly
- Completed reload, in  1.403 seconds
Platform modules already initialized, skipping
Switching build target platform(5) subTarget(0) extendedPlatform(0) -> platform(13) subTarget(537395200) extendedPlatform(0)
Refreshing native plugins compatible for Editor in 0.65 ms, found 1 plugins.
Preloading 0 native plugins for Editor in 0.00 ms.
Unloading 1822 Unused Serialized files (Serialized files now loaded: 0)
System memory in use before: 159.4 MB.
System memory in use after: 159.4 MB.

Unloading 14 unused Assets to reduce memory usage. Loaded Objects now: 2302.
Total: 4.031200 ms (FindLiveObjects: 0.359000 ms CreateObjectMapping: 0.086300 ms MarkObjects: 3.363700 ms  DeleteObjects: 0.220400 ms)

AssetImportParameters requested are different than current active one (requested -> active):
  custom:graphics/normal-map-encoding: 01000000000000000000000000000000 -> 02000000000000000000000000000000
========================================================================
Received Prepare
Registering precompiled user dll's ...
Registered in 0.002629 seconds.
Begin MonoManager ReloadAssembly
Native extension for WindowsStandalone target not found
Refreshing native plugins compatible for Editor in 0.49 ms, found 1 plugins.
Preloading 0 native plugins for Editor in 0.00 ms.
Mono: successfully reloaded assembly
- Completed reload, in  1.435 seconds
Platform modules already initialized, skipping
Switching build target platform(5) subTarget(0) extendedPlatform(0) -> platform(13) subTarget(537395200) extendedPlatform(0)
Refreshing native plugins compatible for Editor in 0.51 ms, found 1 plugins.
Preloading 0 native plugins for Editor in 0.00 ms.
Unloading 1822 Unused Serialized files (Serialized files now loaded: 0)
System memory in use before: 159.4 MB.
System memory in use after: 159.4 MB.

Unloading 14 unused Assets to reduce memory usage. Loaded Objects now: 2306.
Total: 3.400500 ms (FindLiveObjects: 0.505200 ms CreateObjectMapping: 0.131700 ms MarkObjects: 2.594700 ms  DeleteObjects: 0.167100 ms)

AssetImportParameters requested are different than current active one (requested -> active):
  custom:graphics/normal-map-encoding: 01000000000000000000000000000000 -> 02000000000000000000000000000000
========================================================================
Received Prepare
Registering precompiled user dll's ...
Registered in 0.003910 seconds.
Begin MonoManager ReloadAssembly
Native extension for WindowsStandalone target not found
Refreshing native plugins compatible for Editor in 0.66 ms, found 1 plugins.
Preloading 0 native plugins for Editor in 0.00 ms.
Mono: successfully reloaded assembly
- Completed reload, in  1.560 seconds
Platform modules already initialized, skipping
Switching build target platform(5) subTarget(0) extendedPlatform(0) -> platform(13) subTarget(537395200) extendedPlatform(0)
Refreshing native plugins compatible for Editor in 0.65 ms, found 1 plugins.
Preloading 0 native plugins for Editor in 0.00 ms.
Unloading 1822 Unused Serialized files (Serialized files now loaded: 0)
System memory in use before: 159.4 MB.
System memory in use after: 159.4 MB.

Unloading 14 unused Assets to reduce memory usage. Loaded Objects now: 2310.
Total: 2.713400 ms (FindLiveObjects: 0.296900 ms CreateObjectMapping: 0.047000 ms MarkObjects: 2.222600 ms  DeleteObjects: 0.144700 ms)

AssetImportParameters requested are different than current active one (requested -> active):
  custom:graphics/normal-map-encoding: 01000000000000000000000000000000 -> 02000000000000000000000000000000
========================================================================
Received Import Request.
  Time since last request: 700.239859 seconds.
  path: Assets/Prefabs/Cell.prefab
  artifactKey: Guid(8789e4b4444688442bed750b0082c929) Importer(815301076,1909f56bfc062723c751e8b465ee728b)
Start importing Assets/Prefabs/Cell.prefab using Guid(8789e4b4444688442bed750b0082c929) Importer(815301076,1909f56bfc062723c751e8b465ee728b)  -> (artifact id: 'ea706328ee9825fc4ca7b130561cabb4') in 0.070771 seconds
  Import took 0.076058 seconds .

========================================================================
Received Prepare
Registering precompiled user dll's ...
Registered in 0.005481 seconds.
Begin MonoManager ReloadAssembly
Native extension for WindowsStandalone target not found
Refreshing native plugins compatible for Editor in 0.54 ms, found 1 plugins.
Preloading 0 native plugins for Editor in 0.00 ms.
Mono: successfully reloaded assembly
- Completed reload, in  1.519 seconds
Platform modules already initialized, skipping
Switching build target platform(5) subTarget(0) extendedPlatform(0) -> platform(13) subTarget(537395200) extendedPlatform(0)
Refreshing native plugins compatible for Editor in 0.65 ms, found 1 plugins.
Preloading 0 native plugins for Editor in 0.00 ms.
Unloading 1822 Unused Serialized files (Serialized files now loaded: 0)
System memory in use before: 159.4 MB.
System memory in use after: 159.4 MB.

Unloading 14 unused Assets to reduce memory usage. Loaded Objects now: 2314.
Total: 3.065500 ms (FindLiveObjects: 0.248700 ms CreateObjectMapping: 0.054100 ms MarkObjects: 2.603300 ms  DeleteObjects: 0.157900 ms)

AssetImportParameters requested are different than current active one (requested -> active):
  custom:graphics/normal-map-encoding: 01000000000000000000000000000000 -> 02000000000000000000000000000000
========================================================================
Received Import Request.
  Time since last request: 3.885750 seconds.
  path: Assets/Prefabs/Cell.prefab
  artifactKey: Guid(8789e4b4444688442bed750b0082c929) Importer(815301076,1909f56bfc062723c751e8b465ee728b)
Start importing Assets/Prefabs/Cell.prefab using Guid(8789e4b4444688442bed750b0082c929) Importer(815301076,1909f56bfc062723c751e8b465ee728b)  -> (artifact id: '47fcc4d49276bbd3659900cd119f83d3') in 0.045479 seconds
  Import took 0.050295 seconds .

========================================================================
Received Import Request.
  Time since last request: 3.125398 seconds.
  path: Assets/Prefabs/Cell.prefab
  artifactKey: Guid(8789e4b4444688442bed750b0082c929) Importer(815301076,1909f56bfc062723c751e8b465ee728b)
Start importing Assets/Prefabs/Cell.prefab using Guid(8789e4b4444688442bed750b0082c929) Importer(815301076,1909f56bfc062723c751e8b465ee728b)  -> (artifact id: '5c51318a402182a95628f9f5fc8e2463') in 0.010338 seconds
  Import took 0.017324 seconds .

========================================================================
Received Prepare
Registering precompiled user dll's ...
Registered in 0.003674 seconds.
Begin MonoManager ReloadAssembly
Native extension for WindowsStandalone target not found
Refreshing native plugins compatible for Editor in 0.51 ms, found 1 plugins.
Preloading 0 native plugins for Editor in 0.00 ms.
Mono: successfully reloaded assembly
- Completed reload, in  1.436 seconds
Platform modules already initialized, skipping
Switching build target platform(5) subTarget(0) extendedPlatform(0) -> platform(13) subTarget(537395200) extendedPlatform(0)
Refreshing native plugins compatible for Editor in 0.44 ms, found 1 plugins.
Preloading 0 native plugins for Editor in 0.00 ms.
Unloading 1822 Unused Serialized files (Serialized files now loaded: 0)
System memory in use before: 159.4 MB.
System memory in use after: 159.4 MB.

Unloading 14 unused Assets to reduce memory usage. Loaded Objects now: 2318.
Total: 4.075900 ms (FindLiveObjects: 0.367700 ms CreateObjectMapping: 0.109700 ms MarkObjects: 3.358400 ms  DeleteObjects: 0.238000 ms)

AssetImportParameters requested are different than current active one (requested -> active):
  custom:graphics/normal-map-encoding: 01000000000000000000000000000000 -> 02000000000000000000000000000000
========================================================================
Received Import Request.
  Time since last request: 10.999684 seconds.
  path: Assets/Prefabs/Cell.prefab
  artifactKey: Guid(8789e4b4444688442bed750b0082c929) Importer(815301076,1909f56bfc062723c751e8b465ee728b)
Start importing Assets/Prefabs/Cell.prefab using Guid(8789e4b4444688442bed750b0082c929) Importer(815301076,1909f56bfc062723c751e8b465ee728b)  -> (artifact id: 'f09565357207399be4a9df2b0e043f97') in 0.048779 seconds
  Import took 0.053941 seconds .

========================================================================
Received Prepare
Registering precompiled user dll's ...
Registered in 0.004224 seconds.
Begin MonoManager ReloadAssembly
Native extension for WindowsStandalone target not found
Refreshing native plugins compatible for Editor in 0.73 ms, found 1 plugins.
Preloading 0 native plugins for Editor in 0.00 ms.
Mono: successfully reloaded assembly
- Completed reload, in  1.475 seconds
Platform modules already initialized, skipping
Switching build target platform(5) subTarget(0) extendedPlatform(0) -> platform(13) subTarget(537395200) extendedPlatform(0)
Refreshing native plugins compatible for Editor in 0.64 ms, found 1 plugins.
Preloading 0 native plugins for Editor in 0.00 ms.
Unloading 1822 Unused Serialized files (Serialized files now loaded: 0)
System memory in use before: 159.5 MB.
System memory in use after: 159.4 MB.

Unloading 14 unused Assets to reduce memory usage. Loaded Objects now: 2322.
Total: 3.316200 ms (FindLiveObjects: 0.425800 ms CreateObjectMapping: 0.105300 ms MarkObjects: 2.612000 ms  DeleteObjects: 0.171500 ms)

AssetImportParameters requested are different than current active one (requested -> active):
  custom:graphics/normal-map-encoding: 01000000000000000000000000000000 -> 02000000000000000000000000000000
========================================================================
Received Import Request.
  Time since last request: 16.196729 seconds.
  path: Assets/Prefabs/Cell.prefab
  artifactKey: Guid(8789e4b4444688442bed750b0082c929) Importer(815301076,1909f56bfc062723c751e8b465ee728b)
Start importing Assets/Prefabs/Cell.prefab using Guid(8789e4b4444688442bed750b0082c929) Importer(815301076,1909f56bfc062723c751e8b465ee728b)  -> (artifact id: '9ce7889766743caa05c9772894c07eac') in 0.044295 seconds
  Import took 0.049378 seconds .

========================================================================
Received Import Request.
  Time since last request: 0.136351 seconds.
  path: Assets/Prefabs/Cell.prefab
  artifactKey: Guid(8789e4b4444688442bed750b0082c929) Importer(815301076,1909f56bfc062723c751e8b465ee728b)
Start importing Assets/Prefabs/Cell.prefab using Guid(8789e4b4444688442bed750b0082c929) Importer(815301076,1909f56bfc062723c751e8b465ee728b)  -> (artifact id: 'cda555f88993efe7b4260ce912560260') in 0.008729 seconds
  Import took 0.013933 seconds .

========================================================================
Received Import Request.
  Time since last request: 0.022931 seconds.
  path: Assets/Prefabs/Cell.prefab
  artifactKey: Guid(8789e4b4444688442bed750b0082c929) Importer(815301076,1909f56bfc062723c751e8b465ee728b)
Start importing Assets/Prefabs/Cell.prefab using Guid(8789e4b4444688442bed750b0082c929) Importer(815301076,1909f56bfc062723c751e8b465ee728b)  -> (artifact id: 'cda555f88993efe7b4260ce912560260') in 0.008037 seconds
  Import took 0.012982 seconds .

========================================================================
Received Prepare
Registering precompiled user dll's ...
Registered in 0.004503 seconds.
Begin MonoManager ReloadAssembly
Native extension for WindowsStandalone target not found
Refreshing native plugins compatible for Editor in 0.44 ms, found 1 plugins.
Preloading 0 native plugins for Editor in 0.00 ms.
Mono: successfully reloaded assembly
- Completed reload, in  1.582 seconds
Platform modules already initialized, skipping
Switching build target platform(5) subTarget(0) extendedPlatform(0) -> platform(13) subTarget(537395200) extendedPlatform(0)
Refreshing native plugins compatible for Editor in 0.49 ms, found 1 plugins.
Preloading 0 native plugins for Editor in 0.00 ms.
Unloading 1822 Unused Serialized files (Serialized files now loaded: 0)
System memory in use before: 159.5 MB.
System memory in use after: 159.4 MB.

Unloading 14 unused Assets to reduce memory usage. Loaded Objects now: 2326.
Total: 5.932400 ms (FindLiveObjects: 0.378900 ms CreateObjectMapping: 0.076800 ms MarkObjects: 5.208900 ms  DeleteObjects: 0.265800 ms)

AssetImportParameters requested are different than current active one (requested -> active):
  custom:graphics/normal-map-encoding: 01000000000000000000000000000000 -> 02000000000000000000000000000000
========================================================================
Received Prepare
Registering precompiled user dll's ...
Registered in 0.002595 seconds.
Begin MonoManager ReloadAssembly
Native extension for WindowsStandalone target not found
Refreshing native plugins compatible for Editor in 0.50 ms, found 1 plugins.
Preloading 0 native plugins for Editor in 0.00 ms.
Mono: successfully reloaded assembly
- Completed reload, in  1.558 seconds
Platform modules already initialized, skipping
Switching build target platform(5) subTarget(0) extendedPlatform(0) -> platform(13) subTarget(537395200) extendedPlatform(0)
Refreshing native plugins compatible for Editor in 0.43 ms, found 1 plugins.
Preloading 0 native plugins for Editor in 0.00 ms.
Unloading 1822 Unused Serialized files (Serialized files now loaded: 0)
System memory in use before: 159.5 MB.
System memory in use after: 159.4 MB.

Unloading 14 unused Assets to reduce memory usage. Loaded Objects now: 2330.
Total: 2.970000 ms (FindLiveObjects: 0.326100 ms CreateObjectMapping: 0.057500 ms MarkObjects: 2.418800 ms  DeleteObjects: 0.166000 ms)

AssetImportParameters requested are different than current active one (requested -> active):
  custom:graphics/normal-map-encoding: 01000000000000000000000000000000 -> 02000000000000000000000000000000
========================================================================
Received Prepare
Registering precompiled user dll's ...
Registered in 0.003103 seconds.
Begin MonoManager ReloadAssembly
Native extension for WindowsStandalone target not found
Refreshing native plugins compatible for Editor in 0.45 ms, found 1 plugins.
Preloading 0 native plugins for Editor in 0.00 ms.
Mono: successfully reloaded assembly
- Completed reload, in  1.570 seconds
Platform modules already initialized, skipping
Switching build target platform(5) subTarget(0) extendedPlatform(0) -> platform(13) subTarget(537395200) extendedPlatform(0)
Refreshing native plugins compatible for Editor in 0.43 ms, found 1 plugins.
Preloading 0 native plugins for Editor in 0.00 ms.
Unloading 1822 Unused Serialized files (Serialized files now loaded: 0)
System memory in use before: 159.5 MB.
System memory in use after: 159.5 MB.

Unloading 14 unused Assets to reduce memory usage. Loaded Objects now: 2334.
Total: 4.364700 ms (FindLiveObjects: 0.507500 ms CreateObjectMapping: 0.107100 ms MarkObjects: 3.552800 ms  DeleteObjects: 0.194800 ms)

AssetImportParameters requested are different than current active one (requested -> active):
  custom:graphics/normal-map-encoding: 01000000000000000000000000000000 -> 02000000000000000000000000000000
========================================================================
Received Prepare
Registering precompiled user dll's ...
Registered in 0.002997 seconds.
Begin MonoManager ReloadAssembly
Native extension for WindowsStandalone target not found
Refreshing native plugins compatible for Editor in 0.54 ms, found 1 plugins.
Preloading 0 native plugins for Editor in 0.00 ms.
Mono: successfully reloaded assembly
- Completed reload, in  1.533 seconds
Platform modules already initialized, skipping
Switching build target platform(5) subTarget(0) extendedPlatform(0) -> platform(13) subTarget(537395200) extendedPlatform(0)
Refreshing native plugins compatible for Editor in 0.99 ms, found 1 plugins.
Preloading 0 native plugins for Editor in 0.00 ms.
Unloading 1822 Unused Serialized files (Serialized files now loaded: 0)
System memory in use before: 159.5 MB.
System memory in use after: 159.5 MB.

Unloading 14 unused Assets to reduce memory usage. Loaded Objects now: 2338.
Total: 4.571800 ms (FindLiveObjects: 0.297300 ms CreateObjectMapping: 0.057600 ms MarkObjects: 3.965500 ms  DeleteObjects: 0.249400 ms)

AssetImportParameters requested are different than current active one (requested -> active):
  custom:graphics/normal-map-encoding: 01000000000000000000000000000000 -> 02000000000000000000000000000000
========================================================================
Received Prepare
Registering precompiled user dll's ...
Registered in 0.004678 seconds.
Begin MonoManager ReloadAssembly
Native extension for WindowsStandalone target not found
Refreshing native plugins compatible for Editor in 0.43 ms, found 1 plugins.
Preloading 0 native plugins for Editor in 0.00 ms.
Mono: successfully reloaded assembly
- Completed reload, in  1.498 seconds
Platform modules already initialized, skipping
Switching build target platform(5) subTarget(0) extendedPlatform(0) -> platform(13) subTarget(537395200) extendedPlatform(0)
Refreshing native plugins compatible for Editor in 0.43 ms, found 1 plugins.
Preloading 0 native plugins for Editor in 0.00 ms.
Unloading 1822 Unused Serialized files (Serialized files now loaded: 0)
System memory in use before: 159.5 MB.
System memory in use after: 159.5 MB.

Unloading 14 unused Assets to reduce memory usage. Loaded Objects now: 2342.
Total: 3.033100 ms (FindLiveObjects: 0.259800 ms CreateObjectMapping: 0.055300 ms MarkObjects: 2.558300 ms  DeleteObjects: 0.157900 ms)

AssetImportParameters requested are different than current active one (requested -> active):
  custom:graphics/normal-map-encoding: 01000000000000000000000000000000 -> 02000000000000000000000000000000
========================================================================
Received Prepare
Registering precompiled user dll's ...
Registered in 0.003454 seconds.
Begin MonoManager ReloadAssembly
Native extension for WindowsStandalone target not found
Refreshing native plugins compatible for Editor in 0.73 ms, found 1 plugins.
Preloading 0 native plugins for Editor in 0.00 ms.
Mono: successfully reloaded assembly
- Completed reload, in  1.804 seconds
Platform modules already initialized, skipping
Switching build target platform(5) subTarget(0) extendedPlatform(0) -> platform(13) subTarget(537395200) extendedPlatform(0)
Refreshing native plugins compatible for Editor in 0.45 ms, found 1 plugins.
Preloading 0 native plugins for Editor in 0.00 ms.
Unloading 1822 Unused Serialized files (Serialized files now loaded: 0)
System memory in use before: 159.5 MB.
System memory in use after: 159.5 MB.

Unloading 14 unused Assets to reduce memory usage. Loaded Objects now: 2346.
Total: 3.858900 ms (FindLiveObjects: 0.329300 ms CreateObjectMapping: 0.062200 ms MarkObjects: 3.194000 ms  DeleteObjects: 0.271200 ms)

AssetImportParameters requested are different than current active one (requested -> active):
  custom:graphics/normal-map-encoding: 01000000000000000000000000000000 -> 02000000000000000000000000000000
========================================================================
Received Prepare
Registering precompiled user dll's ...
Registered in 0.002585 seconds.
Begin MonoManager ReloadAssembly
Native extension for WindowsStandalone target not found
Refreshing native plugins compatible for Editor in 0.83 ms, found 1 plugins.
Preloading 0 native plugins for Editor in 0.00 ms.
Mono: successfully reloaded assembly
- Completed reload, in  1.759 seconds
Platform modules already initialized, skipping
Switching build target platform(5) subTarget(0) extendedPlatform(0) -> platform(13) subTarget(537395200) extendedPlatform(0)
Refreshing native plugins compatible for Editor in 0.54 ms, found 1 plugins.
Preloading 0 native plugins for Editor in 0.00 ms.
Unloading 1822 Unused Serialized files (Serialized files now loaded: 0)
System memory in use before: 159.5 MB.
System memory in use after: 159.5 MB.

Unloading 14 unused Assets to reduce memory usage. Loaded Objects now: 2350.
Total: 3.484000 ms (FindLiveObjects: 0.508800 ms CreateObjectMapping: 0.088400 ms MarkObjects: 2.702200 ms  DeleteObjects: 0.182000 ms)

AssetImportParameters requested are different than current active one (requested -> active):
  custom:graphics/normal-map-encoding: 01000000000000000000000000000000 -> 02000000000000000000000000000000
========================================================================
Received Prepare
Registering precompiled user dll's ...
Registered in 0.002833 seconds.
Begin MonoManager ReloadAssembly
Native extension for WindowsStandalone target not found
Refreshing native plugins compatible for Editor in 0.45 ms, found 1 plugins.
Preloading 0 native plugins for Editor in 0.00 ms.
Mono: successfully reloaded assembly
- Completed reload, in  1.761 seconds
Platform modules already initialized, skipping
Switching build target platform(5) subTarget(0) extendedPlatform(0) -> platform(13) subTarget(537395200) extendedPlatform(0)
Refreshing native plugins compatible for Editor in 0.50 ms, found 1 plugins.
Preloading 0 native plugins for Editor in 0.00 ms.
Unloading 1822 Unused Serialized files (Serialized files now loaded: 0)
System memory in use before: 159.5 MB.
System memory in use after: 159.5 MB.

Unloading 14 unused Assets to reduce memory usage. Loaded Objects now: 2354.
Total: 2.685900 ms (FindLiveObjects: 0.252400 ms CreateObjectMapping: 0.047200 ms MarkObjects: 2.223700 ms  DeleteObjects: 0.161100 ms)

AssetImportParameters requested are different than current active one (requested -> active):
  custom:graphics/normal-map-encoding: 01000000000000000000000000000000 -> 02000000000000000000000000000000
========================================================================
Received Import Request.
  Time since last request: 340.881301 seconds.
  path: Assets/Prefabs/Cell.prefab
  artifactKey: Guid(8789e4b4444688442bed750b0082c929) Importer(815301076,1909f56bfc062723c751e8b465ee728b)
Start importing Assets/Prefabs/Cell.prefab using Guid(8789e4b4444688442bed750b0082c929) Importer(815301076,1909f56bfc062723c751e8b465ee728b)  -> (artifact id: '7e39f2595a79cd442b80b64b620c7c02') in 0.051171 seconds
  Import took 0.067459 seconds .

========================================================================
Received Prepare
Registering precompiled user dll's ...
Registered in 0.004126 seconds.
Begin MonoManager ReloadAssembly
Native extension for WindowsStandalone target not found
Refreshing native plugins compatible for Editor in 0.60 ms, found 1 plugins.
Preloading 0 native plugins for Editor in 0.00 ms.
Mono: successfully reloaded assembly
- Completed reload, in  1.617 seconds
Platform modules already initialized, skipping
Switching build target platform(5) subTarget(0) extendedPlatform(0) -> platform(13) subTarget(537395200) extendedPlatform(0)
Refreshing native plugins compatible for Editor in 0.43 ms, found 1 plugins.
Preloading 0 native plugins for Editor in 0.00 ms.
Unloading 1822 Unused Serialized files (Serialized files now loaded: 0)
System memory in use before: 159.5 MB.
System memory in use after: 159.5 MB.

Unloading 14 unused Assets to reduce memory usage. Loaded Objects now: 2358.
Total: 2.829100 ms (FindLiveObjects: 0.263300 ms CreateObjectMapping: 0.053600 ms MarkObjects: 2.351000 ms  DeleteObjects: 0.159900 ms)

AssetImportParameters requested are different than current active one (requested -> active):
  custom:graphics/normal-map-encoding: 01000000000000000000000000000000 -> 02000000000000000000000000000000
========================================================================
Received Import Request.
  Time since last request: 12.600105 seconds.
  path: Assets/Prefabs/Cell.prefab
  artifactKey: Guid(8789e4b4444688442bed750b0082c929) Importer(815301076,1909f56bfc062723c751e8b465ee728b)
Start importing Assets/Prefabs/Cell.prefab using Guid(8789e4b4444688442bed750b0082c929) Importer(815301076,1909f56bfc062723c751e8b465ee728b)  -> (artifact id: '0c2ec568d12235cbf7c88f49ec9f77b4') in 0.056110 seconds
  Import took 0.061402 seconds .

========================================================================
Received Import Request.
  Time since last request: 6674.983422 seconds.
  path: Assets/Inst.cs
  artifactKey: Guid(610af6bca4bae0949a48c6b60074aed8) Importer(815301076,1909f56bfc062723c751e8b465ee728b)
Start importing Assets/Inst.cs using Guid(610af6bca4bae0949a48c6b60074aed8) Importer(815301076,1909f56bfc062723c751e8b465ee728b)  -> (artifact id: 'b5f0ce22479b5583b08db7d6b000321f') in 0.030884 seconds
  Import took 0.038435 seconds .

========================================================================
Received Import Request.
  Time since last request: 0.004066 seconds.
  path: Assets/Inst.cs
  artifactKey: Guid(610af6bca4bae0949a48c6b60074aed8) Importer(815301076,1909f56bfc062723c751e8b465ee728b)
Start importing Assets/Inst.cs using Guid(610af6bca4bae0949a48c6b60074aed8) Importer(815301076,1909f56bfc062723c751e8b465ee728b)  -> (artifact id: 'b5f0ce22479b5583b08db7d6b000321f') in 0.007591 seconds
  Import took 0.013515 seconds .

========================================================================
Received Prepare
Registering precompiled user dll's ...
Registered in 0.002898 seconds.
Begin MonoManager ReloadAssembly
Native extension for WindowsStandalone target not found
Refreshing native plugins compatible for Editor in 0.47 ms, found 1 plugins.
Preloading 0 native plugins for Editor in 0.00 ms.
Mono: successfully reloaded assembly
- Completed reload, in  1.949 seconds
Platform modules already initialized, skipping
Switching build target platform(5) subTarget(0) extendedPlatform(0) -> platform(13) subTarget(537395200) extendedPlatform(0)
Refreshing native plugins compatible for Editor in 0.43 ms, found 1 plugins.
Preloading 0 native plugins for Editor in 0.00 ms.
Unloading 1821 Unused Serialized files (Serialized files now loaded: 0)
System memory in use before: 159.5 MB.
System memory in use after: 159.5 MB.

Unloading 15 unused Assets to reduce memory usage. Loaded Objects now: 2361.
Total: 6.391200 ms (FindLiveObjects: 0.540800 ms CreateObjectMapping: 0.137200 ms MarkObjects: 5.379800 ms  DeleteObjects: 0.330800 ms)

AssetImportParameters requested are different than current active one (requested -> active):
  custom:graphics/normal-map-encoding: 01000000000000000000000000000000 -> 02000000000000000000000000000000
========================================================================
Received Prepare
Registering precompiled user dll's ...
Registered in 0.003099 seconds.
Begin MonoManager ReloadAssembly
Native extension for WindowsStandalone target not found
Refreshing native plugins compatible for Editor in 0.63 ms, found 1 plugins.
Preloading 0 native plugins for Editor in 0.00 ms.
Mono: successfully reloaded assembly
- Completed reload, in  1.795 seconds
Platform modules already initialized, skipping
Switching build target platform(5) subTarget(0) extendedPlatform(0) -> platform(13) subTarget(537395200) extendedPlatform(0)
Refreshing native plugins compatible for Editor in 0.60 ms, found 1 plugins.
Preloading 0 native plugins for Editor in 0.00 ms.
Unloading 1821 Unused Serialized files (Serialized files now loaded: 0)
System memory in use before: 159.5 MB.
System memory in use after: 159.5 MB.

Unloading 14 unused Assets to reduce memory usage. Loaded Objects now: 2365.
Total: 4.240600 ms (FindLiveObjects: 0.355300 ms CreateObjectMapping: 0.105300 ms MarkObjects: 3.568800 ms  DeleteObjects: 0.204100 ms)

AssetImportParameters requested are different than current active one (requested -> active):
  custom:graphics/normal-map-encoding: 01000000000000000000000000000000 -> 02000000000000000000000000000000
========================================================================
Received Prepare
Registering precompiled user dll's ...
Registered in 0.004675 seconds.
Begin MonoManager ReloadAssembly
Native extension for WindowsStandalone target not found
Refreshing native plugins compatible for Editor in 0.69 ms, found 1 plugins.
Preloading 0 native plugins for Editor in 0.00 ms.
Mono: successfully reloaded assembly
- Completed reload, in  1.676 seconds
Platform modules already initialized, skipping
Switching build target platform(5) subTarget(0) extendedPlatform(0) -> platform(13) subTarget(537395200) extendedPlatform(0)
Refreshing native plugins compatible for Editor in 0.57 ms, found 1 plugins.
Preloading 0 native plugins for Editor in 0.00 ms.
Unloading 1821 Unused Serialized files (Serialized files now loaded: 0)
System memory in use before: 159.5 MB.
System memory in use after: 159.5 MB.

Unloading 14 unused Assets to reduce memory usage. Loaded Objects now: 2369.
Total: 4.288400 ms (FindLiveObjects: 0.318400 ms CreateObjectMapping: 0.107300 ms MarkObjects: 3.652500 ms  DeleteObjects: 0.208300 ms)

AssetImportParameters requested are different than current active one (requested -> active):
  custom:graphics/normal-map-encoding: 01000000000000000000000000000000 -> 02000000000000000000000000000000
========================================================================
Received Import Request.
  Time since last request: 119.168318 seconds.
  path: Assets/Prefabs/Cell.prefab
  artifactKey: Guid(8789e4b4444688442bed750b0082c929) Importer(815301076,1909f56bfc062723c751e8b465ee728b)
Start importing Assets/Prefabs/Cell.prefab using Guid(8789e4b4444688442bed750b0082c929) Importer(815301076,1909f56bfc062723c751e8b465ee728b)  -> (artifact id: 'bd5903c9381c5f3fb8470c0f99f5fc56') in 0.082422 seconds
  Import took 0.090676 seconds .

========================================================================
Received Prepare
Registering precompiled user dll's ...
Registered in 0.004526 seconds.
Begin MonoManager ReloadAssembly
Native extension for WindowsStandalone target not found
Refreshing native plugins compatible for Editor in 0.53 ms, found 1 plugins.
Preloading 0 native plugins for Editor in 0.00 ms.
Mono: successfully reloaded assembly
- Completed reload, in  1.872 seconds
Platform modules already initialized, skipping
Switching build target platform(5) subTarget(0) extendedPlatform(0) -> platform(13) subTarget(537395200) extendedPlatform(0)
Refreshing native plugins compatible for Editor in 0.53 ms, found 1 plugins.
Preloading 0 native plugins for Editor in 0.00 ms.
Unloading 1821 Unused Serialized files (Serialized files now loaded: 0)
System memory in use before: 159.6 MB.
System memory in use after: 159.5 MB.

Unloading 14 unused Assets to reduce memory usage. Loaded Objects now: 2373.
Total: 3.311100 ms (FindLiveObjects: 0.332000 ms CreateObjectMapping: 0.090300 ms MarkObjects: 2.709000 ms  DeleteObjects: 0.178400 ms)

AssetImportParameters requested are different than current active one (requested -> active):
  custom:graphics/normal-map-encoding: 01000000000000000000000000000000 -> 02000000000000000000000000000000
========================================================================
Received Import Request.
  Time since last request: 15.646190 seconds.
  path: Assets/Prefabs/Cell.prefab
  artifactKey: Guid(8789e4b4444688442bed750b0082c929) Importer(815301076,1909f56bfc062723c751e8b465ee728b)
Start importing Assets/Prefabs/Cell.prefab using Guid(8789e4b4444688442bed750b0082c929) Importer(815301076,1909f56bfc062723c751e8b465ee728b)  -> (artifact id: 'b6662bfe3cd815ec811b60c126bfa8dd') in 0.083767 seconds
  Import took 0.091979 seconds .

========================================================================
Received Import Request.
  Time since last request: 3.657031 seconds.
  path: Assets/Prefabs/Cell.prefab
  artifactKey: Guid(8789e4b4444688442bed750b0082c929) Importer(815301076,1909f56bfc062723c751e8b465ee728b)
Start importing Assets/Prefabs/Cell.prefab using Guid(8789e4b4444688442bed750b0082c929) Importer(815301076,1909f56bfc062723c751e8b465ee728b)  -> (artifact id: '7841a044f4aca5dbdc3a946ef79dad0c') in 0.008521 seconds
  Import took 0.015040 seconds .

========================================================================
Received Prepare
Registering precompiled user dll's ...
Registered in 0.003498 seconds.
Begin MonoManager ReloadAssembly
Native extension for WindowsStandalone target not found
Refreshing native plugins compatible for Editor in 1.02 ms, found 1 plugins.
Preloading 0 native plugins for Editor in 0.00 ms.
Mono: successfully reloaded assembly
- Completed reload, in  1.645 seconds
Platform modules already initialized, skipping
Switching build target platform(5) subTarget(0) extendedPlatform(0) -> platform(13) subTarget(537395200) extendedPlatform(0)
Refreshing native plugins compatible for Editor in 0.48 ms, found 1 plugins.
Preloading 0 native plugins for Editor in 0.00 ms.
Unloading 1821 Unused Serialized files (Serialized files now loaded: 0)
System memory in use before: 159.5 MB.
System memory in use after: 159.5 MB.

Unloading 14 unused Assets to reduce memory usage. Loaded Objects now: 2377.
Total: 3.712200 ms (FindLiveObjects: 0.319500 ms CreateObjectMapping: 0.091500 ms MarkObjects: 3.075300 ms  DeleteObjects: 0.224500 ms)

AssetImportParameters requested are different than current active one (requested -> active):
  custom:graphics/normal-map-encoding: 01000000000000000000000000000000 -> 02000000000000000000000000000000
========================================================================
Received Import Request.
  Time since last request: 18.698289 seconds.
  path: Assets/Prefabs/Cell.prefab
  artifactKey: Guid(8789e4b4444688442bed750b0082c929) Importer(815301076,1909f56bfc062723c751e8b465ee728b)
Start importing Assets/Prefabs/Cell.prefab using Guid(8789e4b4444688442bed750b0082c929) Importer(815301076,1909f56bfc062723c751e8b465ee728b)  -> (artifact id: 'ed051597a07a491fcccfc566332d8115') in 0.048043 seconds
  Import took 0.053272 seconds .

========================================================================
Received Import Request.
  Time since last request: 2.755555 seconds.
  path: Assets/Prefabs/Cell.prefab
  artifactKey: Guid(8789e4b4444688442bed750b0082c929) Importer(815301076,1909f56bfc062723c751e8b465ee728b)
Start importing Assets/Prefabs/Cell.prefab using Guid(8789e4b4444688442bed750b0082c929) Importer(815301076,1909f56bfc062723c751e8b465ee728b)  -> (artifact id: '5b742304e1e3b703a14a2380869223a0') in 0.009562 seconds
  Import took 0.015132 seconds .

========================================================================
Received Import Request.
  Time since last request: 0.014464 seconds.
  path: Assets/Prefabs/Cell.prefab
  artifactKey: Guid(8789e4b4444688442bed750b0082c929) Importer(815301076,1909f56bfc062723c751e8b465ee728b)
Start importing Assets/Prefabs/Cell.prefab using Guid(8789e4b4444688442bed750b0082c929) Importer(815301076,1909f56bfc062723c751e8b465ee728b)  -> (artifact id: '5b742304e1e3b703a14a2380869223a0') in 0.006615 seconds
  Import took 0.010455 seconds .

========================================================================
Received Prepare
Registering precompiled user dll's ...
Registered in 0.004589 seconds.
Begin MonoManager ReloadAssembly
Native extension for WindowsStandalone target not found
Refreshing native plugins compatible for Editor in 0.50 ms, found 1 plugins.
Preloading 0 native plugins for Editor in 0.00 ms.
Mono: successfully reloaded assembly
- Completed reload, in  1.715 seconds
Platform modules already initialized, skipping
Switching build target platform(5) subTarget(0) extendedPlatform(0) -> platform(13) subTarget(537395200) extendedPlatform(0)
Refreshing native plugins compatible for Editor in 0.50 ms, found 1 plugins.
Preloading 0 native plugins for Editor in 0.00 ms.
Unloading 1821 Unused Serialized files (Serialized files now loaded: 0)
System memory in use before: 159.5 MB.
System memory in use after: 159.5 MB.

Unloading 14 unused Assets to reduce memory usage. Loaded Objects now: 2381.
Total: 4.244000 ms (FindLiveObjects: 0.559700 ms CreateObjectMapping: 0.101300 ms MarkObjects: 3.421100 ms  DeleteObjects: 0.159900 ms)

AssetImportParameters requested are different than current active one (requested -> active):
  custom:graphics/normal-map-encoding: 01000000000000000000000000000000 -> 02000000000000000000000000000000
========================================================================
Received Prepare
Registering precompiled user dll's ...
Registered in 0.003870 seconds.
Begin MonoManager ReloadAssembly
Native extension for WindowsStandalone target not found
Refreshing native plugins compatible for Editor in 0.64 ms, found 1 plugins.
Preloading 0 native plugins for Editor in 0.00 ms.
Mono: successfully reloaded assembly
- Completed reload, in  1.738 seconds
Platform modules already initialized, skipping
Switching build target platform(5) subTarget(0) extendedPlatform(0) -> platform(13) subTarget(537395200) extendedPlatform(0)
Refreshing native plugins compatible for Editor in 0.46 ms, found 1 plugins.
Preloading 0 native plugins for Editor in 0.00 ms.
Unloading 1821 Unused Serialized files (Serialized files now loaded: 0)
System memory in use before: 159.6 MB.
System memory in use after: 159.5 MB.

Unloading 14 unused Assets to reduce memory usage. Loaded Objects now: 2385.
Total: 3.251700 ms (FindLiveObjects: 0.397300 ms CreateObjectMapping: 0.081300 ms MarkObjects: 2.566700 ms  DeleteObjects: 0.203000 ms)

AssetImportParameters requested are different than current active one (requested -> active):
  custom:graphics/normal-map-encoding: 01000000000000000000000000000000 -> 02000000000000000000000000000000
========================================================================
Received Import Request.
  Time since last request: 26.046132 seconds.
  path: Assets/Prefabs/Cell.prefab
  artifactKey: Guid(8789e4b4444688442bed750b0082c929) Importer(815301076,1909f56bfc062723c751e8b465ee728b)
Start importing Assets/Prefabs/Cell.prefab using Guid(8789e4b4444688442bed750b0082c929) Importer(815301076,1909f56bfc062723c751e8b465ee728b)  -> (artifact id: '776c30aa6bd3de81921f6e3ae510901c') in 0.045543 seconds
  Import took 0.050012 seconds .

========================================================================
Received Import Request.
  Time since last request: 1.791414 seconds.
  path: Assets/Prefabs/Cell.prefab
  artifactKey: Guid(8789e4b4444688442bed750b0082c929) Importer(815301076,1909f56bfc062723c751e8b465ee728b)
Start importing Assets/Prefabs/Cell.prefab using Guid(8789e4b4444688442bed750b0082c929) Importer(815301076,1909f56bfc062723c751e8b465ee728b)  -> (artifact id: '596eac8c00c0faa3d883a03619b9ae34') in 0.009842 seconds
  Import took 0.014924 seconds .

========================================================================
Received Import Request.
  Time since last request: 0.017943 seconds.
  path: Assets/Prefabs/Cell.prefab
  artifactKey: Guid(8789e4b4444688442bed750b0082c929) Importer(815301076,1909f56bfc062723c751e8b465ee728b)
Start importing Assets/Prefabs/Cell.prefab using Guid(8789e4b4444688442bed750b0082c929) Importer(815301076,1909f56bfc062723c751e8b465ee728b)  -> (artifact id: '596eac8c00c0faa3d883a03619b9ae34') in 0.008120 seconds
  Import took 0.013775 seconds .

========================================================================
Received Prepare
Registering precompiled user dll's ...
Registered in 0.002639 seconds.
Begin MonoManager ReloadAssembly
Native extension for WindowsStandalone target not found
Refreshing native plugins compatible for Editor in 0.45 ms, found 1 plugins.
Preloading 0 native plugins for Editor in 0.00 ms.
Mono: successfully reloaded assembly
- Completed reload, in  2.038 seconds
Platform modules already initialized, skipping
Switching build target platform(5) subTarget(0) extendedPlatform(0) -> platform(13) subTarget(537395200) extendedPlatform(0)
Refreshing native plugins compatible for Editor in 0.43 ms, found 1 plugins.
Preloading 0 native plugins for Editor in 0.00 ms.
Unloading 1821 Unused Serialized files (Serialized files now loaded: 0)
System memory in use before: 159.6 MB.
System memory in use after: 159.5 MB.

Unloading 14 unused Assets to reduce memory usage. Loaded Objects now: 2389.
Total: 4.367100 ms (FindLiveObjects: 0.342200 ms CreateObjectMapping: 0.078700 ms MarkObjects: 3.721200 ms  DeleteObjects: 0.223200 ms)

AssetImportParameters requested are different than current active one (requested -> active):
  custom:graphics/normal-map-encoding: 01000000000000000000000000000000 -> 02000000000000000000000000000000
========================================================================
Received Prepare
Registering precompiled user dll's ...
Registered in 0.002963 seconds.
Begin MonoManager ReloadAssembly
Native extension for WindowsStandalone target not found
Refreshing native plugins compatible for Editor in 0.64 ms, found 1 plugins.
Preloading 0 native plugins for Editor in 0.00 ms.
Mono: successfully reloaded assembly
- Completed reload, in  1.821 seconds
Platform modules already initialized, skipping
Switching build target platform(5) subTarget(0) extendedPlatform(0) -> platform(13) subTarget(537395200) extendedPlatform(0)
Refreshing native plugins compatible for Editor in 0.47 ms, found 1 plugins.
Preloading 0 native plugins for Editor in 0.00 ms.
Unloading 1821 Unused Serialized files (Serialized files now loaded: 0)
System memory in use before: 159.6 MB.
System memory in use after: 159.6 MB.

Unloading 14 unused Assets to reduce memory usage. Loaded Objects now: 2393.
Total: 3.936200 ms (FindLiveObjects: 0.396200 ms CreateObjectMapping: 0.104200 ms MarkObjects: 3.186900 ms  DeleteObjects: 0.245700 ms)

AssetImportParameters requested are different than current active one (requested -> active):
  custom:graphics/normal-map-encoding: 01000000000000000000000000000000 -> 02000000000000000000000000000000
========================================================================
Received Prepare
Registering precompiled user dll's ...
Registered in 0.002623 seconds.
Begin MonoManager ReloadAssembly
Native extension for WindowsStandalone target not found
Refreshing native plugins compatible for Editor in 0.57 ms, found 1 plugins.
Preloading 0 native plugins for Editor in 0.00 ms.
Mono: successfully reloaded assembly
- Completed reload, in  1.755 seconds
Platform modules already initialized, skipping
Switching build target platform(5) subTarget(0) extendedPlatform(0) -> platform(13) subTarget(537395200) extendedPlatform(0)
Refreshing native plugins compatible for Editor in 0.43 ms, found 1 plugins.
Preloading 0 native plugins for Editor in 0.00 ms.
Unloading 1821 Unused Serialized files (Serialized files now loaded: 0)
System memory in use before: 159.6 MB.
System memory in use after: 159.6 MB.

Unloading 14 unused Assets to reduce memory usage. Loaded Objects now: 2397.
Total: 4.715700 ms (FindLiveObjects: 0.428900 ms CreateObjectMapping: 0.135900 ms MarkObjects: 3.910700 ms  DeleteObjects: 0.238300 ms)

AssetImportParameters requested are different than current active one (requested -> active):
  custom:graphics/normal-map-encoding: 01000000000000000000000000000000 -> 02000000000000000000000000000000
========================================================================
Received Prepare
Registering precompiled user dll's ...
Registered in 0.003565 seconds.
Begin MonoManager ReloadAssembly
Native extension for WindowsStandalone target not found
Refreshing native plugins compatible for Editor in 0.55 ms, found 1 plugins.
Preloading 0 native plugins for Editor in 0.00 ms.
Mono: successfully reloaded assembly
- Completed reload, in  1.668 seconds
Platform modules already initialized, skipping
Switching build target platform(5) subTarget(0) extendedPlatform(0) -> platform(13) subTarget(537395200) extendedPlatform(0)
Refreshing native plugins compatible for Editor in 0.47 ms, found 1 plugins.
Preloading 0 native plugins for Editor in 0.00 ms.
Unloading 1821 Unused Serialized files (Serialized files now loaded: 0)
System memory in use before: 159.6 MB.
System memory in use after: 159.6 MB.

Unloading 14 unused Assets to reduce memory usage. Loaded Objects now: 2401.
Total: 4.541500 ms (FindLiveObjects: 0.300200 ms CreateObjectMapping: 0.048900 ms MarkObjects: 3.976500 ms  DeleteObjects: 0.213600 ms)

AssetImportParameters requested are different than current active one (requested -> active):
  custom:graphics/normal-map-encoding: 01000000000000000000000000000000 -> 02000000000000000000000000000000
========================================================================
Received Prepare
Registering precompiled user dll's ...
Registered in 0.002744 seconds.
Begin MonoManager ReloadAssembly
Native extension for WindowsStandalone target not found
Refreshing native plugins compatible for Editor in 0.78 ms, found 1 plugins.
Preloading 0 native plugins for Editor in 0.00 ms.
Mono: successfully reloaded assembly
- Completed reload, in  1.721 seconds
Platform modules already initialized, skipping
Switching build target platform(5) subTarget(0) extendedPlatform(0) -> platform(13) subTarget(537395200) extendedPlatform(0)
Refreshing native plugins compatible for Editor in 0.55 ms, found 1 plugins.
Preloading 0 native plugins for Editor in 0.00 ms.
Unloading 1821 Unused Serialized files (Serialized files now loaded: 0)
System memory in use before: 159.6 MB.
System memory in use after: 159.6 MB.

Unloading 14 unused Assets to reduce memory usage. Loaded Objects now: 2405.
Total: 5.658800 ms (FindLiveObjects: 0.564400 ms CreateObjectMapping: 0.205500 ms MarkObjects: 4.588700 ms  DeleteObjects: 0.296600 ms)

AssetImportParameters requested are different than current active one (requested -> active):
  custom:graphics/normal-map-encoding: 01000000000000000000000000000000 -> 02000000000000000000000000000000
========================================================================
Received Prepare
Registering precompiled user dll's ...
Registered in 0.005404 seconds.
Begin MonoManager ReloadAssembly
Native extension for WindowsStandalone target not found
Refreshing native plugins compatible for Editor in 0.44 ms, found 1 plugins.
Preloading 0 native plugins for Editor in 0.00 ms.
Mono: successfully reloaded assembly
- Completed reload, in  1.962 seconds
Platform modules already initialized, skipping
Switching build target platform(5) subTarget(0) extendedPlatform(0) -> platform(13) subTarget(537395200) extendedPlatform(0)
Refreshing native plugins compatible for Editor in 0.70 ms, found 1 plugins.
Preloading 0 native plugins for Editor in 0.00 ms.
Unloading 1821 Unused Serialized files (Serialized files now loaded: 0)
System memory in use before: 159.6 MB.
System memory in use after: 159.6 MB.

Unloading 14 unused Assets to reduce memory usage. Loaded Objects now: 2409.
Total: 4.422300 ms (FindLiveObjects: 0.397600 ms CreateObjectMapping: 0.110700 ms MarkObjects: 3.675300 ms  DeleteObjects: 0.236000 ms)

AssetImportParameters requested are different than current active one (requested -> active):
  custom:graphics/normal-map-encoding: 01000000000000000000000000000000 -> 02000000000000000000000000000000
========================================================================
Received Prepare
Registering precompiled user dll's ...
Registered in 0.003193 seconds.
Begin MonoManager ReloadAssembly
Native extension for WindowsStandalone target not found
Refreshing native plugins compatible for Editor in 0.45 ms, found 1 plugins.
Preloading 0 native plugins for Editor in 0.00 ms.
Mono: successfully reloaded assembly
- Completed reload, in  1.755 seconds
Platform modules already initialized, skipping
Switching build target platform(5) subTarget(0) extendedPlatform(0) -> platform(13) subTarget(537395200) extendedPlatform(0)
Refreshing native plugins compatible for Editor in 0.67 ms, found 1 plugins.
Preloading 0 native plugins for Editor in 0.00 ms.
Unloading 1821 Unused Serialized files (Serialized files now loaded: 0)
System memory in use before: 159.6 MB.
System memory in use after: 159.6 MB.

Unloading 14 unused Assets to reduce memory usage. Loaded Objects now: 2413.
Total: 3.687500 ms (FindLiveObjects: 0.345300 ms CreateObjectMapping: 0.064300 ms MarkObjects: 3.079500 ms  DeleteObjects: 0.196300 ms)

AssetImportParameters requested are different than current active one (requested -> active):
  custom:graphics/normal-map-encoding: 01000000000000000000000000000000 -> 02000000000000000000000000000000
========================================================================
Received Prepare
Registering precompiled user dll's ...
Registered in 0.003114 seconds.
Begin MonoManager ReloadAssembly
Native extension for WindowsStandalone target not found
Refreshing native plugins compatible for Editor in 0.88 ms, found 1 plugins.
Preloading 0 native plugins for Editor in 0.00 ms.
Mono: successfully reloaded assembly
- Completed reload, in  1.780 seconds
Platform modules already initialized, skipping
Switching build target platform(5) subTarget(0) extendedPlatform(0) -> platform(13) subTarget(537395200) extendedPlatform(0)
Refreshing native plugins compatible for Editor in 0.50 ms, found 1 plugins.
Preloading 0 native plugins for Editor in 0.00 ms.
Unloading 1821 Unused Serialized files (Serialized files now loaded: 0)
System memory in use before: 159.6 MB.
System memory in use after: 159.6 MB.

Unloading 14 unused Assets to reduce memory usage. Loaded Objects now: 2417.
Total: 3.086800 ms (FindLiveObjects: 0.418600 ms CreateObjectMapping: 0.098000 ms MarkObjects: 2.420400 ms  DeleteObjects: 0.147300 ms)

AssetImportParameters requested are different than current active one (requested -> active):
  custom:graphics/normal-map-encoding: 01000000000000000000000000000000 -> 02000000000000000000000000000000
========================================================================
Received Import Request.
  Time since last request: 383.153880 seconds.
  path: Assets/Prefabs/Cell.prefab
  artifactKey: Guid(8789e4b4444688442bed750b0082c929) Importer(815301076,1909f56bfc062723c751e8b465ee728b)
Start importing Assets/Prefabs/Cell.prefab using Guid(8789e4b4444688442bed750b0082c929) Importer(815301076,1909f56bfc062723c751e8b465ee728b)  -> (artifact id: 'bde868d70cf805ff852bd415c4403661') in 0.044010 seconds
  Import took 0.049189 seconds .

========================================================================
Received Import Request.
  Time since last request: 3.605743 seconds.
  path: Assets/Prefabs/Cell.prefab
  artifactKey: Guid(8789e4b4444688442bed750b0082c929) Importer(815301076,1909f56bfc062723c751e8b465ee728b)
Start importing Assets/Prefabs/Cell.prefab using Guid(8789e4b4444688442bed750b0082c929) Importer(815301076,1909f56bfc062723c751e8b465ee728b)  -> (artifact id: 'c65134ecb153ca2566c834ab86411f10') in 0.008130 seconds
  Import took 0.013488 seconds .

========================================================================
Received Import Request.
  Time since last request: 0.017209 seconds.
  path: Assets/Prefabs/Cell.prefab
  artifactKey: Guid(8789e4b4444688442bed750b0082c929) Importer(815301076,1909f56bfc062723c751e8b465ee728b)
Start importing Assets/Prefabs/Cell.prefab using Guid(8789e4b4444688442bed750b0082c929) Importer(815301076,1909f56bfc062723c751e8b465ee728b)  -> (artifact id: 'c65134ecb153ca2566c834ab86411f10') in 0.007975 seconds
  Import took 0.011915 seconds .

========================================================================
Received Import Request.
  Time since last request: 0.161219 seconds.
  path: Assets/Prefabs/Cell.prefab
  artifactKey: Guid(8789e4b4444688442bed750b0082c929) Importer(815301076,1909f56bfc062723c751e8b465ee728b)
Start importing Assets/Prefabs/Cell.prefab using Guid(8789e4b4444688442bed750b0082c929) Importer(815301076,1909f56bfc062723c751e8b465ee728b)  -> (artifact id: 'adfeb81765b7afb6782734d3185b895d') in 0.008870 seconds
  Import took 0.013767 seconds .

========================================================================
Received Import Request.
  Time since last request: 0.015771 seconds.
  path: Assets/Prefabs/Cell.prefab
  artifactKey: Guid(8789e4b4444688442bed750b0082c929) Importer(815301076,1909f56bfc062723c751e8b465ee728b)
Start importing Assets/Prefabs/Cell.prefab using Guid(8789e4b4444688442bed750b0082c929) Importer(815301076,1909f56bfc062723c751e8b465ee728b)  -> (artifact id: 'adfeb81765b7afb6782734d3185b895d') in 0.007439 seconds
  Import took 0.013414 seconds .

========================================================================
Received Import Request.
  Time since last request: 2.194155 seconds.
  path: Assets/Prefabs/Cell.prefab
  artifactKey: Guid(8789e4b4444688442bed750b0082c929) Importer(815301076,1909f56bfc062723c751e8b465ee728b)
Start importing Assets/Prefabs/Cell.prefab using Guid(8789e4b4444688442bed750b0082c929) Importer(815301076,1909f56bfc062723c751e8b465ee728b)  -> (artifact id: 'fa26487585848ea082f89cde0dc8894a') in 0.008528 seconds
  Import took 0.013780 seconds .

========================================================================
Received Import Request.
  Time since last request: 0.016666 seconds.
  path: Assets/Prefabs/Cell.prefab
  artifactKey: Guid(8789e4b4444688442bed750b0082c929) Importer(815301076,1909f56bfc062723c751e8b465ee728b)
Start importing Assets/Prefabs/Cell.prefab using Guid(8789e4b4444688442bed750b0082c929) Importer(815301076,1909f56bfc062723c751e8b465ee728b)  -> (artifact id: 'fa26487585848ea082f89cde0dc8894a') in 0.008391 seconds
  Import took 0.012583 seconds .

========================================================================
Received Import Request.
  Time since last request: 3.426449 seconds.
  path: Assets/Prefabs/Cell.prefab
  artifactKey: Guid(8789e4b4444688442bed750b0082c929) Importer(815301076,1909f56bfc062723c751e8b465ee728b)
Start importing Assets/Prefabs/Cell.prefab using Guid(8789e4b4444688442bed750b0082c929) Importer(815301076,1909f56bfc062723c751e8b465ee728b)  -> (artifact id: '3668cc19592c8da175164098f755c8ad') in 0.008280 seconds
  Import took 0.013763 seconds .

========================================================================
Received Import Request.
  Time since last request: 0.016795 seconds.
  path: Assets/Prefabs/Cell.prefab
  artifactKey: Guid(8789e4b4444688442bed750b0082c929) Importer(815301076,1909f56bfc062723c751e8b465ee728b)
Start importing Assets/Prefabs/Cell.prefab using Guid(8789e4b4444688442bed750b0082c929) Importer(815301076,1909f56bfc062723c751e8b465ee728b)  -> (artifact id: '3668cc19592c8da175164098f755c8ad') in 0.012453 seconds
  Import took 0.017076 seconds .

